[07/21/23 20:17:17] crowsnest: crowsnest - A webcam Service for multiple Cams and Stream Services.
[07/21/23 20:17:17] crowsnest: Version: v4.0.2-2-g8b54eae
[07/21/23 20:17:17] crowsnest: Prepare Startup ...
[07/21/23 20:17:17] crowsnest: INFO: Host information:
[07/21/23 20:17:17] crowsnest: Host Info: Distribution: Debian GNU/Linux 11 (bullseye)
[07/21/23 20:17:17] crowsnest: Host Info: Kernel: Linux 6.1.21-v8+ aarch64
[07/21/23 20:17:17] crowsnest: Host Info: Model:  Raspberry Pi Compute Module 4 Rev 1.1
[07/21/23 20:17:17] crowsnest: Host Info: Available CPU Cores: 4
[07/21/23 20:17:17] crowsnest: Host Info: Available Memory: 3705528 kB
[07/21/23 20:17:17] crowsnest: Host Info: Diskspace (avail. / total): 17G / 29G
[07/21/23 20:17:17] crowsnest: INFO: Checking Dependencys
[07/21/23 20:17:17] crowsnest: Dependency: 'crudini' found in /usr/bin/crudini.
[07/21/23 20:17:17] crowsnest: Dependency: 'find' found in /usr/bin/find.
[07/21/23 20:17:17] crowsnest: Dependency: 'xargs' found in /usr/bin/xargs.
[07/21/23 20:17:17] crowsnest: Dependency: 'ustreamer' found in bin/ustreamer/ustreamer.
[07/21/23 20:17:17] crowsnest: Dependency: 'camera-streamer' found in bin/camera-streamer/camera-streamer.
[07/21/23 20:17:17] crowsnest: Version Control: ustreamer is up to date. (v5.41)
[07/21/23 20:17:17] crowsnest: Version Control: camera-streamer new version available: (ef8f6a4) ().
[07/21/23 20:17:17] crowsnest: INFO: Print Configfile: '/home/cereal/printer_data/config/crowsnest.conf'
[07/21/23 20:17:17] crowsnest:		[crowsnest]
[07/21/23 20:17:17] crowsnest:		log_path: /home/cereal/printer_data/logs/crowsnest.log
[07/21/23 20:17:17] crowsnest:		log_level: verbose
[07/21/23 20:17:17] crowsnest:		delete_log: true
[07/21/23 20:17:17] crowsnest:		no_proxy: false
[07/21/23 20:17:17] crowsnest:		
[07/21/23 20:17:17] crowsnest:		[cam 1]
[07/21/23 20:17:17] crowsnest:		mode: ustreamer
[07/21/23 20:17:17] crowsnest:		
[07/21/23 20:17:17] crowsnest:		enable_rtsp: false
[07/21/23 20:17:17] crowsnest:		rtsp_port: 8554
[07/21/23 20:17:17] crowsnest:		port: 8080
[07/21/23 20:17:17] crowsnest:		device: /dev/video0
[07/21/23 20:17:17] crowsnest:		resolution: 1280x720
[07/21/23 20:17:17] crowsnest:		max_fps: 30
[07/21/23 20:17:18] crowsnest: INFO: Detect available Devices
[07/21/23 20:17:18] crowsnest: INFO: Found 2 total available Device(s)
[07/21/23 20:17:19] crowsnest: Detected 'libcamera' device -> /base/scb/xhci@7e9c0000-1.1:1.0-046d:0843
[07/21/23 20:17:19] crowsnest: INFO: Found 1 available v4l2 (UVC) camera(s)
[07/21/23 20:17:19] crowsnest: /dev/v4l/by-id/usb-046d_Logitech_Webcam_C930e_976B49FE-video-index0 -> /dev/video0
[07/21/23 20:17:19] crowsnest: Supported Formats:
[07/21/23 20:17:19] crowsnest:		[0]: 'YUYV' (YUYV 4:2:2)
[07/21/23 20:17:19] crowsnest:		Size: Discrete 640x480
[07/21/23 20:17:19] crowsnest:		Interval: Discrete 0.033s (30.000 fps)
[07/21/23 20:17:19] crowsnest:		Interval: Discrete 0.042s (24.000 fps)
[07/21/23 20:17:19] crowsnest:		Interval: Discrete 0.050s (20.000 fps)
[07/21/23 20:17:19] crowsnest:		Interval: Discrete 0.067s (15.000 fps)
[07/21/23 20:17:19] crowsnest:		Interval: Discrete 0.100s (10.000 fps)
[07/21/23 20:17:19] crowsnest:		Interval: Discrete 0.133s (7.500 fps)
[07/21/23 20:17:19] crowsnest:		Interval: Discrete 0.200s (5.000 fps)
[07/21/23 20:17:19] crowsnest:		Size: Discrete 160x120
[07/21/23 20:17:19] crowsnest:		Interval: Discrete 0.033s (30.000 fps)
[07/21/23 20:17:19] crowsnest:		Interval: Discrete 0.042s (24.000 fps)
[07/21/23 20:17:19] crowsnest:		Interval: Discrete 0.050s (20.000 fps)
[07/21/23 20:17:19] crowsnest:		Interval: Discrete 0.067s (15.000 fps)
[07/21/23 20:17:19] crowsnest:		Interval: Discrete 0.100s (10.000 fps)
[07/21/23 20:17:19] crowsnest:		Interval: Discrete 0.133s (7.500 fps)
[07/21/23 20:17:19] crowsnest:		Interval: Discrete 0.200s (5.000 fps)
[07/21/23 20:17:19] crowsnest:		Size: Discrete 176x144
[07/21/23 20:17:19] crowsnest:		Interval: Discrete 0.033s (30.000 fps)
[07/21/23 20:17:19] crowsnest:		Interval: Discrete 0.042s (24.000 fps)
[07/21/23 20:17:19] crowsnest:		Interval: Discrete 0.050s (20.000 fps)
[07/21/23 20:17:19] crowsnest:		Interval: Discrete 0.067s (15.000 fps)
[07/21/23 20:17:19] crowsnest:		Interval: Discrete 0.100s (10.000 fps)
[07/21/23 20:17:19] crowsnest:		Interval: Discrete 0.133s (7.500 fps)
[07/21/23 20:17:19] crowsnest:		Interval: Discrete 0.200s (5.000 fps)
[07/21/23 20:17:19] crowsnest:		Size: Discrete 320x180
[07/21/23 20:17:19] crowsnest:		Interval: Discrete 0.033s (30.000 fps)
[07/21/23 20:17:19] crowsnest:		Interval: Discrete 0.042s (24.000 fps)
[07/21/23 20:17:19] crowsnest:		Interval: Discrete 0.050s (20.000 fps)
[07/21/23 20:17:19] crowsnest:		Interval: Discrete 0.067s (15.000 fps)
[07/21/23 20:17:19] crowsnest:		Interval: Discrete 0.100s (10.000 fps)
[07/21/23 20:17:19] crowsnest:		Interval: Discrete 0.133s (7.500 fps)
[07/21/23 20:17:19] crowsnest:		Interval: Discrete 0.200s (5.000 fps)
[07/21/23 20:17:19] crowsnest:		Size: Discrete 320x240
[07/21/23 20:17:19] crowsnest:		Interval: Discrete 0.033s (30.000 fps)
[07/21/23 20:17:19] crowsnest:		Interval: Discrete 0.042s (24.000 fps)
[07/21/23 20:17:19] crowsnest:		Interval: Discrete 0.050s (20.000 fps)
[07/21/23 20:17:19] crowsnest:		Interval: Discrete 0.067s (15.000 fps)
[07/21/23 20:17:19] crowsnest:		Interval: Discrete 0.100s (10.000 fps)
[07/21/23 20:17:19] crowsnest:		Interval: Discrete 0.133s (7.500 fps)
[07/21/23 20:17:19] crowsnest:		Interval: Discrete 0.200s (5.000 fps)
[07/21/23 20:17:19] crowsnest:		Size: Discrete 352x288
[07/21/23 20:17:19] crowsnest:		Interval: Discrete 0.033s (30.000 fps)
[07/21/23 20:17:19] crowsnest:		Interval: Discrete 0.042s (24.000 fps)
[07/21/23 20:17:19] crowsnest:		Interval: Discrete 0.050s (20.000 fps)
[07/21/23 20:17:19] crowsnest:		Interval: Discrete 0.067s (15.000 fps)
[07/21/23 20:17:19] crowsnest:		Interval: Discrete 0.100s (10.000 fps)
[07/21/23 20:17:19] crowsnest:		Interval: Discrete 0.133s (7.500 fps)
[07/21/23 20:17:19] crowsnest:		Interval: Discrete 0.200s (5.000 fps)
[07/21/23 20:17:19] crowsnest:		Size: Discrete 424x240
[07/21/23 20:17:19] crowsnest:		Interval: Discrete 0.033s (30.000 fps)
[07/21/23 20:17:19] crowsnest:		Interval: Discrete 0.042s (24.000 fps)
[07/21/23 20:17:19] crowsnest:		Interval: Discrete 0.050s (20.000 fps)
[07/21/23 20:17:19] crowsnest:		Interval: Discrete 0.067s (15.000 fps)
[07/21/23 20:17:19] crowsnest:		Interval: Discrete 0.100s (10.000 fps)
[07/21/23 20:17:19] crowsnest:		Interval: Discrete 0.133s (7.500 fps)
[07/21/23 20:17:19] crowsnest:		Interval: Discrete 0.200s (5.000 fps)
[07/21/23 20:17:19] crowsnest:		Size: Discrete 480x270
[07/21/23 20:17:19] crowsnest:		Interval: Discrete 0.033s (30.000 fps)
[07/21/23 20:17:19] crowsnest:		Interval: Discrete 0.042s (24.000 fps)
[07/21/23 20:17:19] crowsnest:		Interval: Discrete 0.050s (20.000 fps)
[07/21/23 20:17:19] crowsnest:		Interval: Discrete 0.067s (15.000 fps)
[07/21/23 20:17:19] crowsnest:		Interval: Discrete 0.100s (10.000 fps)
[07/21/23 20:17:19] crowsnest:		Interval: Discrete 0.133s (7.500 fps)
[07/21/23 20:17:19] crowsnest:		Interval: Discrete 0.200s (5.000 fps)
[07/21/23 20:17:19] crowsnest:		Size: Discrete 640x360
[07/21/23 20:17:19] crowsnest:		Interval: Discrete 0.033s (30.000 fps)
[07/21/23 20:17:19] crowsnest:		Interval: Discrete 0.042s (24.000 fps)
[07/21/23 20:17:19] crowsnest:		Interval: Discrete 0.050s (20.000 fps)
[07/21/23 20:17:19] crowsnest:		Interval: Discrete 0.067s (15.000 fps)
[07/21/23 20:17:19] crowsnest:		Interval: Discrete 0.100s (10.000 fps)
[07/21/23 20:17:19] crowsnest:		Interval: Discrete 0.133s (7.500 fps)
[07/21/23 20:17:19] crowsnest:		Interval: Discrete 0.200s (5.000 fps)
[07/21/23 20:17:19] crowsnest:		Size: Discrete 800x448
[07/21/23 20:17:19] crowsnest:		Interval: Discrete 0.033s (30.000 fps)
[07/21/23 20:17:19] crowsnest:		Interval: Discrete 0.042s (24.000 fps)
[07/21/23 20:17:19] crowsnest:		Interval: Discrete 0.050s (20.000 fps)
[07/21/23 20:17:19] crowsnest:		Interval: Discrete 0.067s (15.000 fps)
[07/21/23 20:17:19] crowsnest:		Interval: Discrete 0.100s (10.000 fps)
[07/21/23 20:17:19] crowsnest:		Interval: Discrete 0.133s (7.500 fps)
[07/21/23 20:17:19] crowsnest:		Interval: Discrete 0.200s (5.000 fps)
[07/21/23 20:17:19] crowsnest:		Size: Discrete 800x600
[07/21/23 20:17:19] crowsnest:		Interval: Discrete 0.042s (24.000 fps)
[07/21/23 20:17:19] crowsnest:		Interval: Discrete 0.050s (20.000 fps)
[07/21/23 20:17:19] crowsnest:		Interval: Discrete 0.067s (15.000 fps)
[07/21/23 20:17:19] crowsnest:		Interval: Discrete 0.100s (10.000 fps)
[07/21/23 20:17:19] crowsnest:		Interval: Discrete 0.133s (7.500 fps)
[07/21/23 20:17:19] crowsnest:		Interval: Discrete 0.200s (5.000 fps)
[07/21/23 20:17:19] crowsnest:		Size: Discrete 848x480
[07/21/23 20:17:19] crowsnest:		Interval: Discrete 0.033s (30.000 fps)
[07/21/23 20:17:19] crowsnest:		Interval: Discrete 0.042s (24.000 fps)
[07/21/23 20:17:19] crowsnest:		Interval: Discrete 0.050s (20.000 fps)
[07/21/23 20:17:19] crowsnest:		Interval: Discrete 0.067s (15.000 fps)
[07/21/23 20:17:19] crowsnest:		Interval: Discrete 0.100s (10.000 fps)
[07/21/23 20:17:19] crowsnest:		Interval: Discrete 0.133s (7.500 fps)
[07/21/23 20:17:19] crowsnest:		Interval: Discrete 0.200s (5.000 fps)
[07/21/23 20:17:19] crowsnest:		Size: Discrete 960x540
[07/21/23 20:17:19] crowsnest:		Interval: Discrete 0.067s (15.000 fps)
[07/21/23 20:17:19] crowsnest:		Interval: Discrete 0.100s (10.000 fps)
[07/21/23 20:17:19] crowsnest:		Interval: Discrete 0.133s (7.500 fps)
[07/21/23 20:17:19] crowsnest:		Interval: Discrete 0.200s (5.000 fps)
[07/21/23 20:17:19] crowsnest:		Size: Discrete 1024x576
[07/21/23 20:17:19] crowsnest:		Interval: Discrete 0.067s (15.000 fps)
[07/21/23 20:17:19] crowsnest:		Interval: Discrete 0.100s (10.000 fps)
[07/21/23 20:17:19] crowsnest:		Interval: Discrete 0.133s (7.500 fps)
[07/21/23 20:17:19] crowsnest:		Interval: Discrete 0.200s (5.000 fps)
[07/21/23 20:17:19] crowsnest:		Size: Discrete 1280x720
[07/21/23 20:17:19] crowsnest:		Interval: Discrete 0.100s (10.000 fps)
[07/21/23 20:17:19] crowsnest:		Interval: Discrete 0.133s (7.500 fps)
[07/21/23 20:17:19] crowsnest:		Interval: Discrete 0.200s (5.000 fps)
[07/21/23 20:17:19] crowsnest:		Size: Discrete 1600x896
[07/21/23 20:17:19] crowsnest:		Interval: Discrete 0.133s (7.500 fps)
[07/21/23 20:17:19] crowsnest:		Interval: Discrete 0.200s (5.000 fps)
[07/21/23 20:17:19] crowsnest:		Size: Discrete 1920x1080
[07/21/23 20:17:19] crowsnest:		Interval: Discrete 0.200s (5.000 fps)
[07/21/23 20:17:19] crowsnest:		Size: Discrete 2304x1296
[07/21/23 20:17:19] crowsnest:		Interval: Discrete 0.500s (2.000 fps)
[07/21/23 20:17:19] crowsnest:		Size: Discrete 2304x1536
[07/21/23 20:17:19] crowsnest:		Interval: Discrete 0.500s (2.000 fps)
[07/21/23 20:17:19] crowsnest:		[1]: 'MJPG' (Motion-JPEG, compressed)
[07/21/23 20:17:19] crowsnest:		Size: Discrete 640x480
[07/21/23 20:17:19] crowsnest:		Interval: Discrete 0.033s (30.000 fps)
[07/21/23 20:17:19] crowsnest:		Interval: Discrete 0.042s (24.000 fps)
[07/21/23 20:17:19] crowsnest:		Interval: Discrete 0.050s (20.000 fps)
[07/21/23 20:17:19] crowsnest:		Interval: Discrete 0.067s (15.000 fps)
[07/21/23 20:17:19] crowsnest:		Interval: Discrete 0.100s (10.000 fps)
[07/21/23 20:17:19] crowsnest:		Interval: Discrete 0.133s (7.500 fps)
[07/21/23 20:17:19] crowsnest:		Interval: Discrete 0.200s (5.000 fps)
[07/21/23 20:17:19] crowsnest:		Size: Discrete 160x120
[07/21/23 20:17:19] crowsnest:		Interval: Discrete 0.033s (30.000 fps)
[07/21/23 20:17:19] crowsnest:		Interval: Discrete 0.042s (24.000 fps)
[07/21/23 20:17:19] crowsnest:		Interval: Discrete 0.050s (20.000 fps)
[07/21/23 20:17:19] crowsnest:		Interval: Discrete 0.067s (15.000 fps)
[07/21/23 20:17:19] crowsnest:		Interval: Discrete 0.100s (10.000 fps)
[07/21/23 20:17:19] crowsnest:		Interval: Discrete 0.133s (7.500 fps)
[07/21/23 20:17:19] crowsnest:		Interval: Discrete 0.200s (5.000 fps)
[07/21/23 20:17:19] crowsnest:		Size: Discrete 176x144
[07/21/23 20:17:19] crowsnest:		Interval: Discrete 0.033s (30.000 fps)
[07/21/23 20:17:19] crowsnest:		Interval: Discrete 0.042s (24.000 fps)
[07/21/23 20:17:19] crowsnest:		Interval: Discrete 0.050s (20.000 fps)
[07/21/23 20:17:19] crowsnest:		Interval: Discrete 0.067s (15.000 fps)
[07/21/23 20:17:19] crowsnest:		Interval: Discrete 0.100s (10.000 fps)
[07/21/23 20:17:19] crowsnest:		Interval: Discrete 0.133s (7.500 fps)
[07/21/23 20:17:19] crowsnest:		Interval: Discrete 0.200s (5.000 fps)
[07/21/23 20:17:19] crowsnest:		Size: Discrete 320x180
[07/21/23 20:17:19] crowsnest:		Interval: Discrete 0.033s (30.000 fps)
[07/21/23 20:17:19] crowsnest:		Interval: Discrete 0.042s (24.000 fps)
[07/21/23 20:17:19] crowsnest:		Interval: Discrete 0.050s (20.000 fps)
[07/21/23 20:17:19] crowsnest:		Interval: Discrete 0.067s (15.000 fps)
[07/21/23 20:17:19] crowsnest:		Interval: Discrete 0.100s (10.000 fps)
[07/21/23 20:17:19] crowsnest:		Interval: Discrete 0.133s (7.500 fps)
[07/21/23 20:17:19] crowsnest:		Interval: Discrete 0.200s (5.000 fps)
[07/21/23 20:17:19] crowsnest:		Size: Discrete 320x240
[07/21/23 20:17:19] crowsnest:		Interval: Discrete 0.033s (30.000 fps)
[07/21/23 20:17:19] crowsnest:		Interval: Discrete 0.042s (24.000 fps)
[07/21/23 20:17:19] crowsnest:		Interval: Discrete 0.050s (20.000 fps)
[07/21/23 20:17:19] crowsnest:		Interval: Discrete 0.067s (15.000 fps)
[07/21/23 20:17:19] crowsnest:		Interval: Discrete 0.100s (10.000 fps)
[07/21/23 20:17:19] crowsnest:		Interval: Discrete 0.133s (7.500 fps)
[07/21/23 20:17:19] crowsnest:		Interval: Discrete 0.200s (5.000 fps)
[07/21/23 20:17:19] crowsnest:		Size: Discrete 352x288
[07/21/23 20:17:19] crowsnest:		Interval: Discrete 0.033s (30.000 fps)
[07/21/23 20:17:19] crowsnest:		Interval: Discrete 0.042s (24.000 fps)
[07/21/23 20:17:19] crowsnest:		Interval: Discrete 0.050s (20.000 fps)
[07/21/23 20:17:19] crowsnest:		Interval: Discrete 0.067s (15.000 fps)
[07/21/23 20:17:19] crowsnest:		Interval: Discrete 0.100s (10.000 fps)
[07/21/23 20:17:19] crowsnest:		Interval: Discrete 0.133s (7.500 fps)
[07/21/23 20:17:19] crowsnest:		Interval: Discrete 0.200s (5.000 fps)
[07/21/23 20:17:19] crowsnest:		Size: Discrete 424x240
[07/21/23 20:17:19] crowsnest:		Interval: Discrete 0.033s (30.000 fps)
[07/21/23 20:17:19] crowsnest:		Interval: Discrete 0.042s (24.000 fps)
[07/21/23 20:17:19] crowsnest:		Interval: Discrete 0.050s (20.000 fps)
[07/21/23 20:17:19] crowsnest:		Interval: Discrete 0.067s (15.000 fps)
[07/21/23 20:17:19] crowsnest:		Interval: Discrete 0.100s (10.000 fps)
[07/21/23 20:17:19] crowsnest:		Interval: Discrete 0.133s (7.500 fps)
[07/21/23 20:17:19] crowsnest:		Interval: Discrete 0.200s (5.000 fps)
[07/21/23 20:17:19] crowsnest:		Size: Discrete 480x270
[07/21/23 20:17:19] crowsnest:		Interval: Discrete 0.033s (30.000 fps)
[07/21/23 20:17:19] crowsnest:		Interval: Discrete 0.042s (24.000 fps)
[07/21/23 20:17:19] crowsnest:		Interval: Discrete 0.050s (20.000 fps)
[07/21/23 20:17:19] crowsnest:		Interval: Discrete 0.067s (15.000 fps)
[07/21/23 20:17:19] crowsnest:		Interval: Discrete 0.100s (10.000 fps)
[07/21/23 20:17:19] crowsnest:		Interval: Discrete 0.133s (7.500 fps)
[07/21/23 20:17:19] crowsnest:		Interval: Discrete 0.200s (5.000 fps)
[07/21/23 20:17:19] crowsnest:		Size: Discrete 640x360
[07/21/23 20:17:19] crowsnest:		Interval: Discrete 0.033s (30.000 fps)
[07/21/23 20:17:19] crowsnest:		Interval: Discrete 0.042s (24.000 fps)
[07/21/23 20:17:19] crowsnest:		Interval: Discrete 0.050s (20.000 fps)
[07/21/23 20:17:19] crowsnest:		Interval: Discrete 0.067s (15.000 fps)
[07/21/23 20:17:19] crowsnest:		Interval: Discrete 0.100s (10.000 fps)
[07/21/23 20:17:19] crowsnest:		Interval: Discrete 0.133s (7.500 fps)
[07/21/23 20:17:19] crowsnest:		Interval: Discrete 0.200s (5.000 fps)
[07/21/23 20:17:19] crowsnest:		Size: Discrete 800x448
[07/21/23 20:17:19] crowsnest:		Interval: Discrete 0.033s (30.000 fps)
[07/21/23 20:17:19] crowsnest:		Interval: Discrete 0.042s (24.000 fps)
[07/21/23 20:17:19] crowsnest:		Interval: Discrete 0.050s (20.000 fps)
[07/21/23 20:17:19] crowsnest:		Interval: Discrete 0.067s (15.000 fps)
[07/21/23 20:17:19] crowsnest:		Interval: Discrete 0.100s (10.000 fps)
[07/21/23 20:17:19] crowsnest:		Interval: Discrete 0.133s (7.500 fps)
[07/21/23 20:17:19] crowsnest:		Interval: Discrete 0.200s (5.000 fps)
[07/21/23 20:17:19] crowsnest:		Size: Discrete 800x600
[07/21/23 20:17:19] crowsnest:		Interval: Discrete 0.033s (30.000 fps)
[07/21/23 20:17:19] crowsnest:		Interval: Discrete 0.042s (24.000 fps)
[07/21/23 20:17:19] crowsnest:		Interval: Discrete 0.050s (20.000 fps)
[07/21/23 20:17:19] crowsnest:		Interval: Discrete 0.067s (15.000 fps)
[07/21/23 20:17:19] crowsnest:		Interval: Discrete 0.100s (10.000 fps)
[07/21/23 20:17:19] crowsnest:		Interval: Discrete 0.133s (7.500 fps)
[07/21/23 20:17:19] crowsnest:		Interval: Discrete 0.200s (5.000 fps)
[07/21/23 20:17:19] crowsnest:		Size: Discrete 848x480
[07/21/23 20:17:19] crowsnest:		Interval: Discrete 0.033s (30.000 fps)
[07/21/23 20:17:19] crowsnest:		Interval: Discrete 0.042s (24.000 fps)
[07/21/23 20:17:19] crowsnest:		Interval: Discrete 0.050s (20.000 fps)
[07/21/23 20:17:19] crowsnest:		Interval: Discrete 0.067s (15.000 fps)
[07/21/23 20:17:19] crowsnest:		Interval: Discrete 0.100s (10.000 fps)
[07/21/23 20:17:19] crowsnest:		Interval: Discrete 0.133s (7.500 fps)
[07/21/23 20:17:19] crowsnest:		Interval: Discrete 0.200s (5.000 fps)
[07/21/23 20:17:19] crowsnest:		Size: Discrete 960x540
[07/21/23 20:17:19] crowsnest:		Interval: Discrete 0.033s (30.000 fps)
[07/21/23 20:17:19] crowsnest:		Interval: Discrete 0.042s (24.000 fps)
[07/21/23 20:17:19] crowsnest:		Interval: Discrete 0.050s (20.000 fps)
[07/21/23 20:17:19] crowsnest:		Interval: Discrete 0.067s (15.000 fps)
[07/21/23 20:17:19] crowsnest:		Interval: Discrete 0.100s (10.000 fps)
[07/21/23 20:17:19] crowsnest:		Interval: Discrete 0.133s (7.500 fps)
[07/21/23 20:17:19] crowsnest:		Interval: Discrete 0.200s (5.000 fps)
[07/21/23 20:17:19] crowsnest:		Size: Discrete 1024x576
[07/21/23 20:17:19] crowsnest:		Interval: Discrete 0.033s (30.000 fps)
[07/21/23 20:17:19] crowsnest:		Interval: Discrete 0.042s (24.000 fps)
[07/21/23 20:17:19] crowsnest:		Interval: Discrete 0.050s (20.000 fps)
[07/21/23 20:17:19] crowsnest:		Interval: Discrete 0.067s (15.000 fps)
[07/21/23 20:17:19] crowsnest:		Interval: Discrete 0.100s (10.000 fps)
[07/21/23 20:17:19] crowsnest:		Interval: Discrete 0.133s (7.500 fps)
[07/21/23 20:17:19] crowsnest:		Interval: Discrete 0.200s (5.000 fps)
[07/21/23 20:17:19] crowsnest:		Size: Discrete 1280x720
[07/21/23 20:17:19] crowsnest:		Interval: Discrete 0.033s (30.000 fps)
[07/21/23 20:17:19] crowsnest:		Interval: Discrete 0.042s (24.000 fps)
[07/21/23 20:17:19] crowsnest:		Interval: Discrete 0.050s (20.000 fps)
[07/21/23 20:17:19] crowsnest:		Interval: Discrete 0.067s (15.000 fps)
[07/21/23 20:17:19] crowsnest:		Interval: Discrete 0.100s (10.000 fps)
[07/21/23 20:17:19] crowsnest:		Interval: Discrete 0.133s (7.500 fps)
[07/21/23 20:17:19] crowsnest:		Interval: Discrete 0.200s (5.000 fps)
[07/21/23 20:17:19] crowsnest:		Size: Discrete 1600x896
[07/21/23 20:17:19] crowsnest:		Interval: Discrete 0.033s (30.000 fps)
[07/21/23 20:17:19] crowsnest:		Interval: Discrete 0.042s (24.000 fps)
[07/21/23 20:17:19] crowsnest:		Interval: Discrete 0.050s (20.000 fps)
[07/21/23 20:17:19] crowsnest:		Interval: Discrete 0.067s (15.000 fps)
[07/21/23 20:17:19] crowsnest:		Interval: Discrete 0.100s (10.000 fps)
[07/21/23 20:17:19] crowsnest:		Interval: Discrete 0.133s (7.500 fps)
[07/21/23 20:17:19] crowsnest:		Interval: Discrete 0.200s (5.000 fps)
[07/21/23 20:17:19] crowsnest:		Size: Discrete 1920x1080
[07/21/23 20:17:19] crowsnest:		Interval: Discrete 0.033s (30.000 fps)
[07/21/23 20:17:19] crowsnest:		Interval: Discrete 0.042s (24.000 fps)
[07/21/23 20:17:19] crowsnest:		Interval: Discrete 0.050s (20.000 fps)
[07/21/23 20:17:19] crowsnest:		Interval: Discrete 0.067s (15.000 fps)
[07/21/23 20:17:19] crowsnest:		Interval: Discrete 0.100s (10.000 fps)
[07/21/23 20:17:19] crowsnest:		Interval: Discrete 0.133s (7.500 fps)
[07/21/23 20:17:19] crowsnest:		Interval: Discrete 0.200s (5.000 fps)
[07/21/23 20:17:19] crowsnest: Supported Controls:
[07/21/23 20:17:19] crowsnest:		
[07/21/23 20:17:19] crowsnest:		User Controls
[07/21/23 20:17:19] crowsnest:		
[07/21/23 20:17:19] crowsnest:		brightness 0x00980900 (int)    : min=0 max=255 step=1 default=128 value=128
[07/21/23 20:17:19] crowsnest:		contrast 0x00980901 (int)    : min=0 max=255 step=1 default=128 value=128
[07/21/23 20:17:19] crowsnest:		saturation 0x00980902 (int)    : min=0 max=255 step=1 default=128 value=128
[07/21/23 20:17:19] crowsnest:		white_balance_automatic 0x0098090c (bool)   : default=1 value=1
[07/21/23 20:17:19] crowsnest:		gain 0x00980913 (int)    : min=0 max=255 step=1 default=0 value=0
[07/21/23 20:17:19] crowsnest:		power_line_frequency 0x00980918 (menu)   : min=0 max=2 default=2 value=2
[07/21/23 20:17:19] crowsnest:		0: Disabled
[07/21/23 20:17:19] crowsnest:		1: 50 Hz
[07/21/23 20:17:19] crowsnest:		2: 60 Hz
[07/21/23 20:17:19] crowsnest:		white_balance_temperature 0x0098091a (int)    : min=2000 max=7500 step=1 default=4000 value=4000 flags=inactive
[07/21/23 20:17:19] crowsnest:		sharpness 0x0098091b (int)    : min=0 max=255 step=1 default=128 value=128
[07/21/23 20:17:19] crowsnest:		backlight_compensation 0x0098091c (int)    : min=0 max=1 step=1 default=0 value=0
[07/21/23 20:17:19] crowsnest:		
[07/21/23 20:17:19] crowsnest:		Camera Controls
[07/21/23 20:17:19] crowsnest:		
[07/21/23 20:17:19] crowsnest:		auto_exposure 0x009a0901 (menu)   : min=0 max=3 default=3 value=3
[07/21/23 20:17:19] crowsnest:		1: Manual Mode
[07/21/23 20:17:19] crowsnest:		3: Aperture Priority Mode
[07/21/23 20:17:19] crowsnest:		exposure_time_absolute 0x009a0902 (int)    : min=3 max=2047 step=1 default=250 value=250 flags=inactive
[07/21/23 20:17:19] crowsnest:		exposure_dynamic_framerate 0x009a0903 (bool)   : default=0 value=1
[07/21/23 20:17:19] crowsnest:		pan_absolute 0x009a0908 (int)    : min=-36000 max=36000 step=3600 default=0 value=0
[07/21/23 20:17:19] crowsnest:		tilt_absolute 0x009a0909 (int)    : min=-36000 max=36000 step=3600 default=0 value=0
[07/21/23 20:17:19] crowsnest:		focus_absolute 0x009a090a (int)    : min=0 max=255 step=5 default=0 value=0 flags=inactive
[07/21/23 20:17:19] crowsnest:		focus_automatic_continuous 0x009a090c (bool)   : default=1 value=1
[07/21/23 20:17:19] crowsnest:		zoom_absolute 0x009a090d (int)    : min=100 max=400 step=1 default=100 value=100
[07/21/23 20:17:19] crowsnest: Try to start configured Cams / Services...
[07/21/23 20:17:20] crowsnest: INFO: Configuration of Section [cam 1] looks good. Continue ...
[07/21/23 20:17:21] crowsnest: V4L2 Control: No parameters set for [cam 1]. Skipped.
[07/21/23 20:17:23] crowsnest: Starting ustreamer with Device /dev/video0 ...
[07/21/23 20:17:24] crowsnest:  ... Done!
