-------------------- Log Start | Sat Jul 22 05:01:22 2023 --------------------
data_path: /home/cereal/printer_data
is_default_data_path: False
config_file: /home/cereal/printer_data/config/moonraker.conf
startup_warnings: []
verbose: False
debug: False
asyncio_debug: False
is_backup_config: False
is_python_package: False
instance_uuid: f177885fdd074bf5a882a7d5e0ff6413
software_version: v0.8.0-93-g26975e0
git_branch: master
git_remote: origin
git_repo_url: https://github.com/Arksine/moonraker.git
modified_files: []
unofficial_components: []
log_file: /home/cereal/printer_data/logs/moonraker.log
python_version: 3.9.2 (default, Feb 28 2021, 17:03:44)  [GCC 10.2.1 20210110]

#################### Moonraker Configuration ####################

[server]
host = 0.0.0.0
port = 7125
klippy_uds_address = /home/cereal/printer_data/comms/klippy.sock

[authorization]
trusted_clients = 
	10.0.0.0/8
	127.0.0.0/8
	169.254.0.0/16
	172.16.0.0/12
	192.168.0.0/16
	FE80::/10
	::1/128
cors_domains = 
	*.lan
	*.local
	*://localhost
	*://localhost:*
	*://my.mainsail.xyz
	*://app.fluidd.xyz

[octoprint_compat]

[file_manager]
enable_object_processing = True

[history]

[update_manager]
channel = dev
refresh_interval = 168

[update_manager mainsail-config]
type = git_repo
primary_branch = master
path = ~/mainsail-config
origin = https://github.com/mainsail-crew/mainsail-config.git
managed_services = klipper

[update_manager mainsail]
type = web
channel = stable
repo = mainsail-crew/mainsail
path = ~/mainsail

[update_manager Klipper-Adaptive-Meshing-Purging]
type = git_repo
channel = dev
path = ~/Klipper-Adaptive-Meshing-Purging
origin = https://github.com/kyleisah/Klipper-Adaptive-Meshing-Purging.git
managed_services = klipper
primary_branch = main

[update_manager led_effect]
type = git_repo
path = ~/klipper-led_effect
origin = https://github.com/julianschill/klipper-led_effect.git
is_system_service = False

[update_manager crowsnest]
type = git_repo
path = ~/crowsnest
origin = https://github.com/mainsail-crew/crowsnest.git
managed_services = crowsnest
install_script = tools/pkglist.sh

[update_manager klipper_tmc_autotune]
type = git_repo
channel = dev
path = ~/klipper_tmc_autotune
origin = https://github.com/andrewmcgr/klipper_tmc_autotune.git
managed_services = klipper
primary_branch = main
install_script = install.sh

#################################################################
All Configuration Files:
/home/cereal/printer_data/config/moonraker.conf
#################################################################
Unsafe Shutdown Count: 67

System Info:

***python***
  version: sys.version_info(major=3, minor=9, micro=2, releaselevel='final', serial=0)
  version_string: 3.9.2 (default, Feb 28 2021, 17:03:44)  [GCC 10.2.1 20210110]

***cpu_info***
  cpu_count: 4
  bits: 64bit
  processor: aarch64
  cpu_desc: 
  serial_number: 100000004fe7a790
  hardware_desc: BCM2835
  model: Raspberry Pi Compute Module 4 Rev 1.1
  total_memory: 3705528
  memory_units: kB

***sd_info***
  manufacturer_id: 15
  manufacturer: Unknown
  oem_id: 0100
  product_name: BJTD4
  product_revision: 5.2
  serial_number: 03e6ab46
  manufacturer_date: 9/2124
  capacity: Unknown
  total_bytes: 0

***distribution***
  name: Debian GNU/Linux 11 (bullseye)
  id: debian
  version: 11
  version_parts: {'major': '11', 'minor': '', 'build_number': ''}
  like: 
  codename: bullseye
  release_info: {}

***virtualization***
  virt_type: none
  virt_identifier: none

***network***

***canbus***

***Allowed Services***
  klipper_mcu
  webcamd
  MoonCord
  KlipperScreen
  moonraker-telegram-bot
  moonraker-obico
  sonar
  crowsnest
  octoeverywhere
  ratos-configurator

Systemd unit moonraker.service:
unit_name: moonraker.service
is_default: True
manager: systemd
Properties:
**Requires=['system.slice', 'sysinit.target', 'network-online.target', '-.mount']
**After=['-.mount', 'network-online.target', 'sysinit.target', 'basic.target', 'systemd-journald.socket', 'system.slice']
**SupplementaryGroups=['moonraker-admin']
**EnvironmentFiles=/home/cereal/printer_data/systemd/moonraker.env
**ExecStart=/home/cereal/moonraker-env/bin/python $MOONRAKER_ARGS
**WorkingDirectory=/home/cereal/moonraker
**FragmentPath=/etc/systemd/system/moonraker.service
**Description=API Server for Klipper SV1
**User=cereal

Systemd unit klipper.service:
unit_name: klipper.service
is_default: True
manager: systemd
Properties:
**Requires=['system.slice', 'sysinit.target', '-.mount']
**After=['sysinit.target', 'system.slice', 'network-online.target', 'basic.target', '-.mount', 'systemd-journald.socket']
**SupplementaryGroups=[]
**EnvironmentFiles=/home/cereal/printer_data/systemd/klipper.env
**ExecStart=/home/cereal/klippy-env/bin/python $KLIPPER_ARGS
**WorkingDirectory=/home/cereal/klipper
**FragmentPath=/etc/systemd/system/klipper.service
**Description=Klipper 3D Printer Firmware SV1
**User=cereal
Klipper Version: v0.11.0-248-gd725dfd3-dirty
2023-07-22 00:01:22,866 [machine.py:_find_public_ip()] - Failed to detect local IP address
2023-07-22 00:01:22,868 [webcam.py:_set_default_host_ip()] - Default public webcam address set: http://127.0.0.1
2023-07-22 00:01:32,852 [machine.py:_find_public_ip()] - Detected Local IP: 192.168.1.13
2023-07-22 00:01:32,854 [webcam.py:_set_default_host_ip()] - Default public webcam address set: http://192.168.1.13
2023-07-22 01:42:11,959 [update_manager.py:refresh()] - Detected 3 package updates:
libcamera-dev
libcamera0
python3-libcamera
2023-07-22 01:42:11,977 [shell_command.py:_check_proc_success()] - Command (git -C /home/cereal/moonraker status -u no) successfully finished
2023-07-22 01:42:11,990 [shell_command.py:_check_proc_success()] - Command (git -C /home/cereal/moonraker config --get branch.master.remote) successfully finished
2023-07-22 01:42:12,003 [shell_command.py:_check_proc_success()] - Command (git -C /home/cereal/moonraker remote get-url origin) successfully finished
2023-07-22 01:42:12,983 [shell_command.py:_check_proc_success()] - Command (git -C /home/cereal/moonraker fetch origin --prune --progress) successfully finished
2023-07-22 01:42:13,000 [shell_command.py:_check_proc_success()] - Command (git -C /home/cereal/moonraker merge-base --is-ancestor HEAD origin/master) successfully finished
2023-07-22 01:42:13,013 [shell_command.py:_check_proc_success()] - Command (git -C /home/cereal/moonraker branch --list) successfully finished
2023-07-22 01:42:13,028 [shell_command.py:_check_proc_success()] - Command (git -C /home/cereal/moonraker rev-parse HEAD) successfully finished
2023-07-22 01:42:13,048 [shell_command.py:_check_proc_success()] - Command (git -C /home/cereal/moonraker describe --always --tags --long --dirty) successfully finished
2023-07-22 01:42:13,061 [shell_command.py:_check_proc_success()] - Command (git -C /home/cereal/moonraker rev-parse origin/master) successfully finished
2023-07-22 01:42:13,080 [shell_command.py:_check_proc_success()] - Command (git -C /home/cereal/moonraker describe origin/master --always --tags --long) successfully finished
2023-07-22 01:42:13,096 [shell_command.py:_check_proc_success()] - Command (git -C /home/cereal/moonraker rev-list --tags --max-count=1) successfully finished
2023-07-22 01:42:13,111 [shell_command.py:_check_proc_success()] - Command (git -C /home/cereal/moonraker describe --tags d549af915fe50c2e274dc99ac0b772ae0276646e) successfully finished
2023-07-22 01:42:13,127 [shell_command.py:_check_proc_success()] - Command (git -C /home/cereal/moonraker log 26975e055b6e3f3d5b46f7f73911738901355713..origin/master --format="sha:%H%x1Dauthor:%an%x1Ddate:%ct%x1Dsubject:%s%x1Dmessage:%b%x1E" --max-count=100) successfully finished
2023-07-22 01:42:13,143 [shell_command.py:_check_proc_success()] - Command (git -C /home/cereal/moonraker for-each-ref --count=10 --sort='-creatordate' --format='%(if)%(*objecttype)%(then)%(*objecttype) %(*objectname)%(else)%(objecttype) %(objectname)%(end) %(refname)' 'refs/tags') successfully finished
2023-07-22 01:42:13,144 [git_deploy.py:log_repo_info()] - Git Repo moonraker Detected:
Owner: Arksine
Repository Name: moonraker
Path: /home/cereal/moonraker
Remote: origin
Branch: master
Remote URL: https://github.com/Arksine/moonraker.git
Recovery URL: https://github.com/Arksine/moonraker.git
Current Commit SHA: 26975e055b6e3f3d5b46f7f73911738901355713
Upstream Commit SHA: fdc3e0eb0b61818c20e2f22150c01404b8f3932d
Current Version: v0.8.0-93
Upstream Version: v0.8.0-115
Is Dirty: False
Is Detached: False
Commits Behind: 22
Diverged: False
2023-07-22 01:42:13,145 [base_deploy.py:log_info()] - Git Repo moonraker: Channel: dev
2023-07-22 01:42:13,145 [base_deploy.py:log_info()] - Git Repo moonraker: Validity check for git repo passed
2023-07-22 01:42:13,165 [shell_command.py:_check_proc_success()] - Command (git -C /home/cereal/klipper status -u no) successfully finished
2023-07-22 01:42:13,179 [shell_command.py:_check_proc_success()] - Command (git -C /home/cereal/klipper config --get branch.master.remote) successfully finished
2023-07-22 01:42:13,195 [shell_command.py:_check_proc_success()] - Command (git -C /home/cereal/klipper remote get-url origin) successfully finished
2023-07-22 01:42:14,132 [shell_command.py:_check_proc_success()] - Command (git -C /home/cereal/klipper fetch origin --prune --progress) successfully finished
2023-07-22 01:42:14,147 [shell_command.py:_check_proc_success()] - Command (git -C /home/cereal/klipper merge-base --is-ancestor HEAD origin/master) successfully finished
2023-07-22 01:42:14,160 [shell_command.py:_check_proc_success()] - Command (git -C /home/cereal/klipper branch --list) successfully finished
2023-07-22 01:42:14,174 [shell_command.py:_check_proc_success()] - Command (git -C /home/cereal/klipper rev-parse HEAD) successfully finished
2023-07-22 01:42:14,283 [shell_command.py:_check_proc_success()] - Command (git -C /home/cereal/klipper describe --always --tags --long --dirty) successfully finished
2023-07-22 01:42:14,296 [shell_command.py:_check_proc_success()] - Command (git -C /home/cereal/klipper rev-parse origin/master) successfully finished
2023-07-22 01:42:14,397 [shell_command.py:_check_proc_success()] - Command (git -C /home/cereal/klipper describe origin/master --always --tags --long) successfully finished
2023-07-22 01:42:14,412 [shell_command.py:_check_proc_success()] - Command (git -C /home/cereal/klipper rev-list --tags --max-count=1) successfully finished
2023-07-22 01:42:14,426 [shell_command.py:_check_proc_success()] - Command (git -C /home/cereal/klipper describe --tags e02b725602067a2cd098a62be9a4bb10fc74a9bd) successfully finished
2023-07-22 01:42:14,427 [git_deploy.py:log_repo_info()] - Git Repo klipper Detected:
Owner: Klipper3d
Repository Name: klipper
Path: /home/cereal/klipper
Remote: origin
Branch: master
Remote URL: https://github.com/Klipper3d/klipper
Recovery URL: https://github.com/Klipper3d/klipper
Current Commit SHA: d725dfd309e3db2a7b26b9b452cfde6cb9272f34
Upstream Commit SHA: d725dfd309e3db2a7b26b9b452cfde6cb9272f34
Current Version: v0.11.0-248
Upstream Version: v0.11.0-248
Is Dirty: False
Is Detached: False
Commits Behind: 0
Diverged: False
2023-07-22 01:42:14,427 [base_deploy.py:log_info()] - Git Repo klipper: Channel: dev
2023-07-22 01:42:14,428 [base_deploy.py:log_info()] - Git Repo klipper: Validity check for git repo passed
2023-07-22 01:42:14,453 [shell_command.py:_check_proc_success()] - Command (git -C /home/cereal/mainsail-config status -u no) successfully finished
2023-07-22 01:42:14,467 [shell_command.py:_check_proc_success()] - Command (git -C /home/cereal/mainsail-config config --get branch.master.remote) successfully finished
2023-07-22 01:42:14,480 [shell_command.py:_check_proc_success()] - Command (git -C /home/cereal/mainsail-config remote get-url origin) successfully finished
2023-07-22 01:42:14,945 [shell_command.py:_check_proc_success()] - Command (git -C /home/cereal/mainsail-config fetch origin --prune --progress) successfully finished
2023-07-22 01:42:14,962 [shell_command.py:_check_proc_success()] - Command (git -C /home/cereal/mainsail-config merge-base --is-ancestor HEAD origin/master) successfully finished
2023-07-22 01:42:14,976 [shell_command.py:_check_proc_success()] - Command (git -C /home/cereal/mainsail-config branch --list) successfully finished
2023-07-22 01:42:14,989 [shell_command.py:_check_proc_success()] - Command (git -C /home/cereal/mainsail-config rev-parse HEAD) successfully finished
2023-07-22 01:42:15,007 [shell_command.py:_check_proc_success()] - Command (git -C /home/cereal/mainsail-config describe --always --tags --long --dirty) successfully finished
2023-07-22 01:42:15,020 [shell_command.py:_check_proc_success()] - Command (git -C /home/cereal/mainsail-config rev-parse origin/master) successfully finished
2023-07-22 01:42:15,036 [shell_command.py:_check_proc_success()] - Command (git -C /home/cereal/mainsail-config describe origin/master --always --tags --long) successfully finished
2023-07-22 01:42:15,051 [shell_command.py:_check_proc_success()] - Command (git -C /home/cereal/mainsail-config rev-list --tags --max-count=1) successfully finished
2023-07-22 01:42:15,065 [shell_command.py:_check_proc_success()] - Command (git -C /home/cereal/mainsail-config describe --tags 1d096a14c7835ef3b1ec63971f8e1b6295a2f3dd) successfully finished
2023-07-22 01:42:15,066 [git_deploy.py:log_repo_info()] - Git Repo mainsail-config Detected:
Owner: mainsail-crew
Repository Name: mainsail-config
Path: /home/cereal/mainsail-config
Remote: origin
Branch: master
Remote URL: https://github.com/mainsail-crew/mainsail-config.git
Recovery URL: https://github.com/mainsail-crew/mainsail-config.git
Current Commit SHA: e954ed17009461dfef3818f993bcefb7e541822b
Upstream Commit SHA: e954ed17009461dfef3818f993bcefb7e541822b
Current Version: v1.0.0-14
Upstream Version: v1.0.0-14
Is Dirty: False
Is Detached: False
Commits Behind: 0
Diverged: False
2023-07-22 01:42:15,066 [base_deploy.py:log_info()] - Git Repo mainsail-config: Channel: dev
2023-07-22 01:42:15,066 [base_deploy.py:log_info()] - Git Repo mainsail-config: Validity check for git repo passed
2023-07-22 01:42:15,265 [update_manager.py:_log_client_info()] - Web Client mainsail Detected:
Repo: mainsail-crew/mainsail
Channel: stable
Path: /home/cereal/mainsail
Local Version: v2.6.0
Remote Version: v2.6.0
Valid: True
Fallback Client Detected: True
Pre-release: False
Download Url: https://github.com/mainsail-crew/mainsail/releases/download/v2.6.0/mainsail.zip
Download Size: 2098583
Content Type: application/zip
2023-07-22 01:42:15,287 [shell_command.py:_check_proc_success()] - Command (git -C /home/cereal/Klipper-Adaptive-Meshing-Purging status -u no) successfully finished
2023-07-22 01:42:15,301 [shell_command.py:_check_proc_success()] - Command (git -C /home/cereal/Klipper-Adaptive-Meshing-Purging config --get branch.main.remote) successfully finished
2023-07-22 01:42:15,314 [shell_command.py:_check_proc_success()] - Command (git -C /home/cereal/Klipper-Adaptive-Meshing-Purging remote get-url origin) successfully finished
2023-07-22 01:42:15,829 [shell_command.py:_check_proc_success()] - Command (git -C /home/cereal/Klipper-Adaptive-Meshing-Purging fetch origin --prune --progress) successfully finished
2023-07-22 01:42:15,846 [shell_command.py:_check_proc_success()] - Command (git -C /home/cereal/Klipper-Adaptive-Meshing-Purging merge-base --is-ancestor HEAD origin/main) successfully finished
2023-07-22 01:42:15,861 [shell_command.py:_check_proc_success()] - Command (git -C /home/cereal/Klipper-Adaptive-Meshing-Purging branch --list) successfully finished
2023-07-22 01:42:15,875 [shell_command.py:_check_proc_success()] - Command (git -C /home/cereal/Klipper-Adaptive-Meshing-Purging rev-parse HEAD) successfully finished
2023-07-22 01:42:15,905 [shell_command.py:_check_proc_success()] - Command (git -C /home/cereal/Klipper-Adaptive-Meshing-Purging describe --always --tags --long --dirty) successfully finished
2023-07-22 01:42:15,918 [shell_command.py:_check_proc_success()] - Command (git -C /home/cereal/Klipper-Adaptive-Meshing-Purging rev-parse origin/main) successfully finished
2023-07-22 01:42:15,936 [shell_command.py:_check_proc_success()] - Command (git -C /home/cereal/Klipper-Adaptive-Meshing-Purging describe origin/main --always --tags --long) successfully finished
2023-07-22 01:42:15,954 [shell_command.py:_check_proc_success()] - Command (git -C /home/cereal/Klipper-Adaptive-Meshing-Purging rev-list --tags --max-count=1) successfully finished
2023-07-22 01:42:15,969 [shell_command.py:_check_proc_success()] - Command (git -C /home/cereal/Klipper-Adaptive-Meshing-Purging describe --tags 7414d1d3e9f6a20763799b306d638397b3079852) successfully finished
2023-07-22 01:42:15,969 [git_deploy.py:log_repo_info()] - Git Repo Klipper-Adaptive-Meshing-Purging Detected:
Owner: kyleisah
Repository Name: Klipper-Adaptive-Meshing-Purging
Path: /home/cereal/Klipper-Adaptive-Meshing-Purging
Remote: origin
Branch: main
Remote URL: https://github.com/kyleisah/Klipper-Adaptive-Meshing-Purging.git
Recovery URL: https://github.com/kyleisah/Klipper-Adaptive-Meshing-Purging.git
Current Commit SHA: 23bee5be0be1c88536cd91a6f203585918566e33
Upstream Commit SHA: 23bee5be0be1c88536cd91a6f203585918566e33
Current Version: v1.1.1-1
Upstream Version: v1.1.1-1
Is Dirty: False
Is Detached: False
Commits Behind: 0
Diverged: False
2023-07-22 01:42:15,970 [base_deploy.py:log_info()] - Git Repo Klipper-Adaptive-Meshing-Purging: Channel: dev
2023-07-22 01:42:15,970 [base_deploy.py:log_info()] - Git Repo Klipper-Adaptive-Meshing-Purging: Validity check for git repo passed
2023-07-22 01:42:15,993 [shell_command.py:_check_proc_success()] - Command (git -C /home/cereal/klipper-led_effect status -u no) successfully finished
2023-07-22 01:42:16,006 [shell_command.py:_check_proc_success()] - Command (git -C /home/cereal/klipper-led_effect config --get branch.master.remote) successfully finished
2023-07-22 01:42:16,018 [shell_command.py:_check_proc_success()] - Command (git -C /home/cereal/klipper-led_effect remote get-url origin) successfully finished
2023-07-22 01:42:16,481 [shell_command.py:_check_proc_success()] - Command (git -C /home/cereal/klipper-led_effect fetch origin --prune --progress) successfully finished
2023-07-22 01:42:16,495 [shell_command.py:_check_proc_success()] - Command (git -C /home/cereal/klipper-led_effect merge-base --is-ancestor HEAD origin/master) successfully finished
2023-07-22 01:42:16,509 [shell_command.py:_check_proc_success()] - Command (git -C /home/cereal/klipper-led_effect branch --list) successfully finished
2023-07-22 01:42:16,522 [shell_command.py:_check_proc_success()] - Command (git -C /home/cereal/klipper-led_effect rev-parse HEAD) successfully finished
2023-07-22 01:42:16,542 [shell_command.py:_check_proc_success()] - Command (git -C /home/cereal/klipper-led_effect describe --always --tags --long --dirty) successfully finished
2023-07-22 01:42:16,555 [shell_command.py:_check_proc_success()] - Command (git -C /home/cereal/klipper-led_effect rev-parse origin/master) successfully finished
2023-07-22 01:42:16,569 [shell_command.py:_check_proc_success()] - Command (git -C /home/cereal/klipper-led_effect describe origin/master --always --tags --long) successfully finished
2023-07-22 01:42:16,583 [shell_command.py:_check_proc_success()] - Command (git -C /home/cereal/klipper-led_effect rev-list --tags --max-count=1) successfully finished
2023-07-22 01:42:16,597 [shell_command.py:_check_proc_success()] - Command (git -C /home/cereal/klipper-led_effect describe --tags 35cf587fe958fe15a07c11b60564856582890460) successfully finished
2023-07-22 01:42:16,598 [git_deploy.py:log_repo_info()] - Git Repo led_effect Detected:
Owner: julianschill
Repository Name: klipper-led_effect
Path: /home/cereal/klipper-led_effect
Remote: origin
Branch: master
Remote URL: https://github.com/julianschill/klipper-led_effect.git
Recovery URL: https://github.com/julianschill/klipper-led_effect.git
Current Commit SHA: 35cf587fe958fe15a07c11b60564856582890460
Upstream Commit SHA: 35cf587fe958fe15a07c11b60564856582890460
Current Version: v0.0.10-0
Upstream Version: v0.0.10-0
Is Dirty: False
Is Detached: False
Commits Behind: 0
Diverged: False
2023-07-22 01:42:16,598 [base_deploy.py:log_info()] - Git Repo led_effect: Channel: dev
2023-07-22 01:42:16,598 [base_deploy.py:log_info()] - Git Repo led_effect: Validity check for git repo passed
2023-07-22 01:42:16,616 [shell_command.py:_check_proc_success()] - Command (git -C /home/cereal/crowsnest status -u no) successfully finished
2023-07-22 01:42:16,629 [shell_command.py:_check_proc_success()] - Command (git -C /home/cereal/crowsnest config --get branch.master.remote) successfully finished
2023-07-22 01:42:16,642 [shell_command.py:_check_proc_success()] - Command (git -C /home/cereal/crowsnest remote get-url origin) successfully finished
2023-07-22 01:42:17,241 [shell_command.py:_check_proc_success()] - Command (git -C /home/cereal/crowsnest fetch origin --prune --progress) successfully finished
2023-07-22 01:42:17,255 [shell_command.py:_check_proc_success()] - Command (git -C /home/cereal/crowsnest merge-base --is-ancestor HEAD origin/master) successfully finished
2023-07-22 01:42:17,268 [shell_command.py:_check_proc_success()] - Command (git -C /home/cereal/crowsnest branch --list) successfully finished
2023-07-22 01:42:17,282 [shell_command.py:_check_proc_success()] - Command (git -C /home/cereal/crowsnest rev-parse HEAD) successfully finished
2023-07-22 01:42:17,302 [shell_command.py:_check_proc_success()] - Command (git -C /home/cereal/crowsnest describe --always --tags --long --dirty) successfully finished
2023-07-22 01:42:17,315 [shell_command.py:_check_proc_success()] - Command (git -C /home/cereal/crowsnest rev-parse origin/master) successfully finished
2023-07-22 01:42:17,331 [shell_command.py:_check_proc_success()] - Command (git -C /home/cereal/crowsnest describe origin/master --always --tags --long) successfully finished
2023-07-22 01:42:17,347 [shell_command.py:_check_proc_success()] - Command (git -C /home/cereal/crowsnest rev-list --tags --max-count=1) successfully finished
2023-07-22 01:42:17,362 [shell_command.py:_check_proc_success()] - Command (git -C /home/cereal/crowsnest describe --tags b0c011b4ef9aea19352b90cab7d06383eef555eb) successfully finished
2023-07-22 01:42:17,364 [git_deploy.py:log_repo_info()] - Git Repo crowsnest Detected:
Owner: mainsail-crew
Repository Name: crowsnest
Path: /home/cereal/crowsnest
Remote: origin
Branch: master
Remote URL: https://github.com/mainsail-crew/crowsnest.git
Recovery URL: https://github.com/mainsail-crew/crowsnest.git
Current Commit SHA: 8b54eae98dcb5de73f5aab121805ef018cda5052
Upstream Commit SHA: 8b54eae98dcb5de73f5aab121805ef018cda5052
Current Version: v4.0.2-2
Upstream Version: v4.0.2-2
Is Dirty: False
Is Detached: False
Commits Behind: 0
Diverged: False
2023-07-22 01:42:17,364 [base_deploy.py:log_info()] - Git Repo crowsnest: Channel: dev
2023-07-22 01:42:17,364 [base_deploy.py:log_info()] - Git Repo crowsnest: Validity check for git repo passed
2023-07-22 01:42:17,401 [shell_command.py:_check_proc_success()] - Command (git -C /home/cereal/klipper_tmc_autotune status -u no) successfully finished
2023-07-22 01:42:17,421 [shell_command.py:_check_proc_success()] - Command (git -C /home/cereal/klipper_tmc_autotune config --get branch.main.remote) successfully finished
2023-07-22 01:42:17,442 [shell_command.py:_check_proc_success()] - Command (git -C /home/cereal/klipper_tmc_autotune remote get-url origin) successfully finished
2023-07-22 01:42:17,910 [shell_command.py:_check_proc_success()] - Command (git -C /home/cereal/klipper_tmc_autotune fetch origin --prune --progress) successfully finished
2023-07-22 01:42:17,924 [shell_command.py:_check_proc_success()] - Command (git -C /home/cereal/klipper_tmc_autotune merge-base --is-ancestor HEAD origin/main) successfully finished
2023-07-22 01:42:17,938 [shell_command.py:_check_proc_success()] - Command (git -C /home/cereal/klipper_tmc_autotune branch --list) successfully finished
2023-07-22 01:42:17,952 [shell_command.py:_check_proc_success()] - Command (git -C /home/cereal/klipper_tmc_autotune rev-parse HEAD) successfully finished
2023-07-22 01:42:17,971 [shell_command.py:_check_proc_success()] - Command (git -C /home/cereal/klipper_tmc_autotune describe --always --tags --long --dirty) successfully finished
2023-07-22 01:42:17,984 [shell_command.py:_check_proc_success()] - Command (git -C /home/cereal/klipper_tmc_autotune rev-parse origin/main) successfully finished
2023-07-22 01:42:18,001 [shell_command.py:_check_proc_success()] - Command (git -C /home/cereal/klipper_tmc_autotune describe origin/main --always --tags --long) successfully finished
2023-07-22 01:42:18,015 [shell_command.py:_check_proc_success()] - Command (git -C /home/cereal/klipper_tmc_autotune rev-list --tags --max-count=1) successfully finished
2023-07-22 01:42:18,029 [shell_command.py:_check_proc_success()] - Command (git -C /home/cereal/klipper_tmc_autotune describe --tags 79222c3bd52de9ddf3b6961224135a405a808f93) successfully finished
2023-07-22 01:42:18,030 [git_deploy.py:log_repo_info()] - Git Repo klipper_tmc_autotune Detected:
Owner: andrewmcgr
Repository Name: klipper_tmc_autotune
Path: /home/cereal/klipper_tmc_autotune
Remote: origin
Branch: main
Remote URL: https://github.com/andrewmcgr/klipper_tmc_autotune.git
Recovery URL: https://github.com/andrewmcgr/klipper_tmc_autotune.git
Current Commit SHA: 31de1f7ead27313b1861bd9816ab2da09d167f90
Upstream Commit SHA: 31de1f7ead27313b1861bd9816ab2da09d167f90
Current Version: v0.2.0-77
Upstream Version: v0.2.0-77
Is Dirty: False
Is Detached: False
Commits Behind: 0
Diverged: False
2023-07-22 01:42:18,030 [base_deploy.py:log_info()] - Git Repo klipper_tmc_autotune: Channel: dev
2023-07-22 01:42:18,030 [base_deploy.py:log_info()] - Git Repo klipper_tmc_autotune: Validity check for git repo passed
2023-07-22 01:43:09,834 [shell_command.py:_check_proc_success()] - Command (git -C /home/cereal/moonraker fetch origin --prune --progress) successfully finished
2023-07-22 01:43:09,849 [shell_command.py:_check_proc_success()] - Command (git -C /home/cereal/moonraker merge-base --is-ancestor HEAD origin/master) successfully finished
2023-07-22 01:43:10,455 [shell_command.py:_check_proc_success()] - Command (git -C /home/cereal/moonraker pull --progress) successfully finished
2023-07-22 01:43:10,506 [shell_command.py:_check_proc_success()] - Command (git -C /home/cereal/moonraker status -u no) successfully finished
2023-07-22 01:43:10,519 [shell_command.py:_check_proc_success()] - Command (git -C /home/cereal/moonraker config --get branch.master.remote) successfully finished
2023-07-22 01:43:10,532 [shell_command.py:_check_proc_success()] - Command (git -C /home/cereal/moonraker remote get-url origin) successfully finished
2023-07-22 01:43:10,546 [shell_command.py:_check_proc_success()] - Command (git -C /home/cereal/moonraker merge-base --is-ancestor HEAD origin/master) successfully finished
2023-07-22 01:43:10,560 [shell_command.py:_check_proc_success()] - Command (git -C /home/cereal/moonraker branch --list) successfully finished
2023-07-22 01:43:10,573 [shell_command.py:_check_proc_success()] - Command (git -C /home/cereal/moonraker rev-parse HEAD) successfully finished
2023-07-22 01:43:10,610 [shell_command.py:_check_proc_success()] - Command (git -C /home/cereal/moonraker describe --always --tags --long --dirty) successfully finished
2023-07-22 01:43:10,623 [shell_command.py:_check_proc_success()] - Command (git -C /home/cereal/moonraker rev-parse origin/master) successfully finished
2023-07-22 01:43:10,642 [shell_command.py:_check_proc_success()] - Command (git -C /home/cereal/moonraker describe origin/master --always --tags --long) successfully finished
2023-07-22 01:43:10,657 [shell_command.py:_check_proc_success()] - Command (git -C /home/cereal/moonraker rev-list --tags --max-count=1) successfully finished
2023-07-22 01:43:10,672 [shell_command.py:_check_proc_success()] - Command (git -C /home/cereal/moonraker describe --tags d549af915fe50c2e274dc99ac0b772ae0276646e) successfully finished
2023-07-22 01:43:10,673 [git_deploy.py:log_repo_info()] - Git Repo moonraker Detected:
Owner: Arksine
Repository Name: moonraker
Path: /home/cereal/moonraker
Remote: origin
Branch: master
Remote URL: https://github.com/Arksine/moonraker.git
Recovery URL: https://github.com/Arksine/moonraker.git
Current Commit SHA: fdc3e0eb0b61818c20e2f22150c01404b8f3932d
Upstream Commit SHA: fdc3e0eb0b61818c20e2f22150c01404b8f3932d
Current Version: v0.8.0-115
Upstream Version: v0.8.0-115
Is Dirty: False
Is Detached: False
Commits Behind: 0
Diverged: False
2023-07-22 01:43:10,673 [base_deploy.py:log_info()] - Git Repo moonraker: Channel: dev
2023-07-22 01:43:10,674 [base_deploy.py:log_info()] - Git Repo moonraker: Validity check for git repo passed
2023-07-22 01:43:10,703 [server.py:_handle_term_signal()] - Exiting with signal SIGTERM
2023-07-22 01:43:10,809 [websockets.py:on_close()] - Websocket Closed: ID: 548173946352 Close Code: 1001, Close Reason: Server Shutdown, Pong Time Elapsed: 3.99
2023-07-22 01:43:10,811 [klippy_connection.py:_on_connection_closed()] - Klippy Connection Removed
2023-07-22 01:43:10,816 [database.py:close()] - Database statistics:

announcements:
psize: 4096
depth: 0
branch_pages: 0
leaf_pages: 0
overflow_pages: 0
entries: 0
authorized_users:
psize: 4096
depth: 1
branch_pages: 0
leaf_pages: 1
overflow_pages: 0
entries: 1
gcode_metadata:
psize: 4096
depth: 2
branch_pages: 1
leaf_pages: 15
overflow_pages: 0
entries: 45
history:
psize: 4096
depth: 2
branch_pages: 1
leaf_pages: 43
overflow_pages: 0
entries: 91
mainsail:
psize: 4096
depth: 1
branch_pages: 0
leaf_pages: 1
overflow_pages: 0
entries: 11
moonraker:
psize: 4096
depth: 1
branch_pages: 0
leaf_pages: 1
overflow_pages: 0
entries: 7
update_manager:
psize: 4096
depth: 2
branch_pages: 1
leaf_pages: 4
overflow_pages: 0
entries: 9
webcams:
psize: 4096
depth: 1
branch_pages: 0
leaf_pages: 1
overflow_pages: 0
entries: 1
2023-07-22 01:43:10,821 [server.py:main()] - Server Shutdown
-------------------- Log Start | Sat Jul 22 06:43:11 2023 --------------------
data_path: /home/cereal/printer_data
is_default_data_path: False
config_file: /home/cereal/printer_data/config/moonraker.conf
startup_warnings: []
verbose: False
debug: False
asyncio_debug: False
is_backup_config: False
is_python_package: False
instance_uuid: f177885fdd074bf5a882a7d5e0ff6413
software_version: v0.8.0-115-gfdc3e0e
git_branch: master
git_remote: origin
git_repo_url: https://github.com/Arksine/moonraker.git
modified_files: []
unofficial_components: []
log_file: /home/cereal/printer_data/logs/moonraker.log
python_version: 3.9.2 (default, Feb 28 2021, 17:03:44)  [GCC 10.2.1 20210110]
2023-07-22 01:43:11,625 [confighelper.py:read_file()] - Configuration File '/home/cereal/printer_data/config/moonraker.conf' parsed, total size: 1623 B
2023-07-22 01:43:11,626 [server.py:add_log_rollover_item()] - 
#################### Moonraker Configuration ####################

[server]
host = 0.0.0.0
port = 7125
klippy_uds_address = /home/cereal/printer_data/comms/klippy.sock

[authorization]
trusted_clients = 
	10.0.0.0/8
	127.0.0.0/8
	169.254.0.0/16
	172.16.0.0/12
	192.168.0.0/16
	FE80::/10
	::1/128
cors_domains = 
	*.lan
	*.local
	*://localhost
	*://localhost:*
	*://my.mainsail.xyz
	*://app.fluidd.xyz

[octoprint_compat]

[file_manager]
enable_object_processing = True

[history]

[update_manager]
channel = dev
refresh_interval = 168

[update_manager mainsail-config]
type = git_repo
primary_branch = master
path = ~/mainsail-config
origin = https://github.com/mainsail-crew/mainsail-config.git
managed_services = klipper

[update_manager mainsail]
type = web
channel = stable
repo = mainsail-crew/mainsail
path = ~/mainsail

[update_manager Klipper-Adaptive-Meshing-Purging]
type = git_repo
channel = dev
path = ~/Klipper-Adaptive-Meshing-Purging
origin = https://github.com/kyleisah/Klipper-Adaptive-Meshing-Purging.git
managed_services = klipper
primary_branch = main

[update_manager led_effect]
type = git_repo
path = ~/klipper-led_effect
origin = https://github.com/julianschill/klipper-led_effect.git
is_system_service = False

[update_manager crowsnest]
type = git_repo
path = ~/crowsnest
origin = https://github.com/mainsail-crew/crowsnest.git
managed_services = crowsnest
install_script = tools/pkglist.sh

[update_manager klipper_tmc_autotune]
type = git_repo
channel = dev
path = ~/klipper_tmc_autotune
origin = https://github.com/andrewmcgr/klipper_tmc_autotune.git
managed_services = klipper
primary_branch = main
install_script = install.sh

#################################################################
All Configuration Files:
/home/cereal/printer_data/config/moonraker.conf
#################################################################
2023-07-22 01:43:11,643 [app.py:register_local_handler()] - Registering HTTP Endpoint: (POST) /server/logs/rollover
2023-07-22 01:43:11,644 [websockets.py:register_api_handler()] - Registering Websocket JSON-RPC methods: server.logs.rollover
2023-07-22 01:43:11,644 [app.py:register_local_handler()] - Registering HTTP Endpoint: (GET) /server/info
2023-07-22 01:43:11,644 [websockets.py:register_api_handler()] - Registering Websocket JSON-RPC methods: server.info
2023-07-22 01:43:11,644 [app.py:register_local_handler()] - Registering HTTP Endpoint: (GET) /server/config
2023-07-22 01:43:11,644 [websockets.py:register_api_handler()] - Registering Websocket JSON-RPC methods: server.config
2023-07-22 01:43:11,644 [app.py:register_local_handler()] - Registering HTTP Endpoint: (POST) /server/restart
2023-07-22 01:43:11,645 [websockets.py:register_api_handler()] - Registering Websocket JSON-RPC methods: server.restart
2023-07-22 01:43:11,692 [server.py:load_component()] - Component (dbus_manager) loaded
2023-07-22 01:43:11,699 [server.py:add_log_rollover_item()] - Unsafe Shutdown Count: 67
2023-07-22 01:43:11,702 [app.py:register_local_handler()] - Registering HTTP Endpoint: (GET) /server/database/list
2023-07-22 01:43:11,702 [websockets.py:register_api_handler()] - Registering Websocket JSON-RPC methods: server.database.list
2023-07-22 01:43:11,702 [app.py:register_local_handler()] - Registering HTTP Endpoint: (GET POST DELETE) /server/database/item
2023-07-22 01:43:11,703 [websockets.py:register_api_handler()] - Registering Websocket JSON-RPC methods: server.database.get_item, server.database.post_item, server.database.delete_item
2023-07-22 01:43:11,703 [server.py:load_component()] - Component (database) loaded
2023-07-22 01:43:11,723 [file_manager.py:__init__()] - Using File System Observer: inotify
2023-07-22 01:43:11,735 [app.py:register_local_handler()] - Registering HTTP Endpoint: (GET) /server/files/list
2023-07-22 01:43:11,736 [websockets.py:register_api_handler()] - Registering Websocket JSON-RPC methods: server.files.list
2023-07-22 01:43:11,736 [app.py:register_local_handler()] - Registering HTTP Endpoint: (GET) /server/files/metadata
2023-07-22 01:43:11,736 [websockets.py:register_api_handler()] - Registering Websocket JSON-RPC methods: server.files.metadata
2023-07-22 01:43:11,736 [app.py:register_local_handler()] - Registering HTTP Endpoint: (POST) /server/files/metascan
2023-07-22 01:43:11,737 [websockets.py:register_api_handler()] - Registering Websocket JSON-RPC methods: server.files.metascan
2023-07-22 01:43:11,737 [app.py:register_local_handler()] - Registering HTTP Endpoint: (GET) /server/files/thumbnails
2023-07-22 01:43:11,737 [websockets.py:register_api_handler()] - Registering Websocket JSON-RPC methods: server.files.thumbnails
2023-07-22 01:43:11,737 [app.py:register_local_handler()] - Registering HTTP Endpoint: (GET) /server/files/roots
2023-07-22 01:43:11,738 [websockets.py:register_api_handler()] - Registering Websocket JSON-RPC methods: server.files.roots
2023-07-22 01:43:11,738 [app.py:register_local_handler()] - Registering HTTP Endpoint: (GET POST DELETE) /server/files/directory
2023-07-22 01:43:11,738 [websockets.py:register_api_handler()] - Registering Websocket JSON-RPC methods: server.files.get_directory, server.files.post_directory, server.files.delete_directory
2023-07-22 01:43:11,738 [app.py:register_local_handler()] - Registering HTTP Endpoint: (POST) /server/files/move
2023-07-22 01:43:11,738 [websockets.py:register_api_handler()] - Registering Websocket JSON-RPC methods: server.files.move
2023-07-22 01:43:11,738 [app.py:register_local_handler()] - Registering HTTP Endpoint: (POST) /server/files/copy
2023-07-22 01:43:11,739 [websockets.py:register_api_handler()] - Registering Websocket JSON-RPC methods: server.files.copy
2023-07-22 01:43:11,739 [app.py:register_local_handler()] - Registering HTTP Endpoint: (POST) /server/files/zip
2023-07-22 01:43:11,739 [websockets.py:register_api_handler()] - Registering Websocket JSON-RPC methods: server.files.zip
2023-07-22 01:43:11,739 [websockets.py:register_api_handler()] - Registering Websocket JSON-RPC methods: server.files.delete_file
2023-07-22 01:43:11,749 [server.py:load_component()] - Component (file_manager) loaded
2023-07-22 01:43:11,752 [app.py:register_local_handler()] - Registering HTTP Endpoint: (POST) /printer/print/pause
2023-07-22 01:43:11,752 [websockets.py:register_api_handler()] - Registering Websocket JSON-RPC methods: printer.print.pause
2023-07-22 01:43:11,752 [app.py:register_local_handler()] - Registering HTTP Endpoint: (POST) /printer/print/resume
2023-07-22 01:43:11,753 [websockets.py:register_api_handler()] - Registering Websocket JSON-RPC methods: printer.print.resume
2023-07-22 01:43:11,753 [app.py:register_local_handler()] - Registering HTTP Endpoint: (POST) /printer/print/cancel
2023-07-22 01:43:11,753 [websockets.py:register_api_handler()] - Registering Websocket JSON-RPC methods: printer.print.cancel
2023-07-22 01:43:11,753 [app.py:register_local_handler()] - Registering HTTP Endpoint: (POST) /printer/print/start
2023-07-22 01:43:11,754 [websockets.py:register_api_handler()] - Registering Websocket JSON-RPC methods: printer.print.start
2023-07-22 01:43:11,754 [app.py:register_local_handler()] - Registering HTTP Endpoint: (POST) /printer/restart
2023-07-22 01:43:11,754 [websockets.py:register_api_handler()] - Registering Websocket JSON-RPC methods: printer.restart
2023-07-22 01:43:11,754 [app.py:register_local_handler()] - Registering HTTP Endpoint: (POST) /printer/firmware_restart
2023-07-22 01:43:11,754 [websockets.py:register_api_handler()] - Registering Websocket JSON-RPC methods: printer.firmware_restart
2023-07-22 01:43:11,754 [server.py:load_component()] - Component (klippy_apis) loaded
2023-07-22 01:43:11,931 [server.py:load_component()] - Component (secrets) loaded
2023-07-22 01:43:11,939 [server.py:load_component()] - Component (template) loaded
2023-07-22 01:43:11,968 [server.py:add_log_rollover_item()] - 
System Info:

***python***
  version: sys.version_info(major=3, minor=9, micro=2, releaselevel='final', serial=0)
  version_string: 3.9.2 (default, Feb 28 2021, 17:03:44)  [GCC 10.2.1 20210110]

***cpu_info***
  cpu_count: 4
  bits: 64bit
  processor: aarch64
  cpu_desc: 
  serial_number: 100000004fe7a790
  hardware_desc: BCM2835
  model: Raspberry Pi Compute Module 4 Rev 1.1
  total_memory: 3705528
  memory_units: kB

***sd_info***
  manufacturer_id: 15
  manufacturer: Unknown
  oem_id: 0100
  product_name: BJTD4
  product_revision: 5.2
  serial_number: 03e6ab46
  manufacturer_date: 9/2124
  capacity: Unknown
  total_bytes: 0

***distribution***
  name: Debian GNU/Linux 11 (bullseye)
  id: debian
  version: 11
  version_parts: {'major': '11', 'minor': '', 'build_number': ''}
  like: 
  codename: bullseye
  release_info: {}

***virtualization***
  virt_type: none
  virt_identifier: none

***network***

***canbus***

***Allowed Services***
  klipper_mcu
  webcamd
  MoonCord
  KlipperScreen
  moonraker-telegram-bot
  moonraker-obico
  sonar
  crowsnest
  octoeverywhere
  ratos-configurator
2023-07-22 01:43:11,971 [server.py:load_component()] - Component (shell_command) loaded
2023-07-22 01:43:11,971 [machine.py:__init__()] - Using System Provider: systemd_dbus
2023-07-22 01:43:11,972 [app.py:register_local_handler()] - Registering HTTP Endpoint: (POST) /machine/reboot
2023-07-22 01:43:11,973 [websockets.py:register_api_handler()] - Registering Websocket JSON-RPC methods: machine.reboot
2023-07-22 01:43:11,973 [app.py:register_local_handler()] - Registering HTTP Endpoint: (POST) /machine/shutdown
2023-07-22 01:43:11,973 [websockets.py:register_api_handler()] - Registering Websocket JSON-RPC methods: machine.shutdown
2023-07-22 01:43:11,974 [app.py:register_local_handler()] - Registering HTTP Endpoint: (POST) /machine/services/restart
2023-07-22 01:43:11,974 [websockets.py:register_api_handler()] - Registering Websocket JSON-RPC methods: machine.services.restart
2023-07-22 01:43:11,974 [app.py:register_local_handler()] - Registering HTTP Endpoint: (POST) /machine/services/stop
2023-07-22 01:43:11,975 [websockets.py:register_api_handler()] - Registering Websocket JSON-RPC methods: machine.services.stop
2023-07-22 01:43:11,975 [app.py:register_local_handler()] - Registering HTTP Endpoint: (POST) /machine/services/start
2023-07-22 01:43:11,976 [websockets.py:register_api_handler()] - Registering Websocket JSON-RPC methods: machine.services.start
2023-07-22 01:43:11,976 [app.py:register_local_handler()] - Registering HTTP Endpoint: (GET) /machine/system_info
2023-07-22 01:43:11,976 [websockets.py:register_api_handler()] - Registering Websocket JSON-RPC methods: machine.system_info
2023-07-22 01:43:11,977 [app.py:register_local_handler()] - Registering HTTP Endpoint: (GET) /machine/sudo/info
2023-07-22 01:43:11,977 [websockets.py:register_api_handler()] - Registering Websocket JSON-RPC methods: machine.sudo.info
2023-07-22 01:43:11,977 [app.py:register_local_handler()] - Registering HTTP Endpoint: (POST) /machine/sudo/password
2023-07-22 01:43:11,977 [websockets.py:register_api_handler()] - Registering Websocket JSON-RPC methods: machine.sudo.password
2023-07-22 01:43:11,978 [server.py:load_component()] - Component (machine) loaded
2023-07-22 01:43:11,980 [app.py:register_local_handler()] - Registering HTTP Endpoint: (GET) /server/temperature_store
2023-07-22 01:43:11,981 [websockets.py:register_api_handler()] - Registering Websocket JSON-RPC methods: server.temperature_store
2023-07-22 01:43:11,981 [app.py:register_local_handler()] - Registering HTTP Endpoint: (GET) /server/gcode_store
2023-07-22 01:43:11,981 [websockets.py:register_api_handler()] - Registering Websocket JSON-RPC methods: server.gcode_store
2023-07-22 01:43:11,981 [server.py:load_component()] - Component (data_store) loaded
2023-07-22 01:43:11,984 [proc_stats.py:__init__()] - Detected 'vcgencmd', throttle checking enabled
2023-07-22 01:43:11,985 [app.py:register_local_handler()] - Registering HTTP Endpoint: (GET) /machine/proc_stats
2023-07-22 01:43:11,985 [websockets.py:register_api_handler()] - Registering Websocket JSON-RPC methods: machine.proc_stats
2023-07-22 01:43:11,985 [server.py:load_component()] - Component (proc_stats) loaded
2023-07-22 01:43:11,987 [server.py:load_component()] - Component (job_state) loaded
2023-07-22 01:43:11,989 [app.py:register_local_handler()] - Registering HTTP Endpoint: (POST DELETE) /server/job_queue/job
2023-07-22 01:43:11,989 [websockets.py:register_api_handler()] - Registering Websocket JSON-RPC methods: server.job_queue.post_job, server.job_queue.delete_job
2023-07-22 01:43:11,989 [app.py:register_local_handler()] - Registering HTTP Endpoint: (POST) /server/job_queue/pause
2023-07-22 01:43:11,990 [websockets.py:register_api_handler()] - Registering Websocket JSON-RPC methods: server.job_queue.pause
2023-07-22 01:43:11,990 [app.py:register_local_handler()] - Registering HTTP Endpoint: (POST) /server/job_queue/start
2023-07-22 01:43:11,990 [websockets.py:register_api_handler()] - Registering Websocket JSON-RPC methods: server.job_queue.start
2023-07-22 01:43:11,990 [app.py:register_local_handler()] - Registering HTTP Endpoint: (GET) /server/job_queue/status
2023-07-22 01:43:11,991 [websockets.py:register_api_handler()] - Registering Websocket JSON-RPC methods: server.job_queue.status
2023-07-22 01:43:11,991 [app.py:register_local_handler()] - Registering HTTP Endpoint: (POST) /server/job_queue/jump
2023-07-22 01:43:11,992 [websockets.py:register_api_handler()] - Registering Websocket JSON-RPC methods: server.job_queue.jump
2023-07-22 01:43:11,992 [server.py:load_component()] - Component (job_queue) loaded
2023-07-22 01:43:12,000 [server.py:load_component()] - Component (http_client) loaded
2023-07-22 01:43:12,003 [app.py:register_local_handler()] - Registering HTTP Endpoint: (GET) /server/announcements/list
2023-07-22 01:43:12,003 [websockets.py:register_api_handler()] - Registering Websocket JSON-RPC methods: server.announcements.list
2023-07-22 01:43:12,003 [app.py:register_local_handler()] - Registering HTTP Endpoint: (POST) /server/announcements/dismiss
2023-07-22 01:43:12,004 [websockets.py:register_api_handler()] - Registering Websocket JSON-RPC methods: server.announcements.dismiss
2023-07-22 01:43:12,004 [app.py:register_local_handler()] - Registering HTTP Endpoint: (POST) /server/announcements/update
2023-07-22 01:43:12,004 [websockets.py:register_api_handler()] - Registering Websocket JSON-RPC methods: server.announcements.update
2023-07-22 01:43:12,005 [app.py:register_local_handler()] - Registering HTTP Endpoint: (POST DELETE) /server/announcements/feed
2023-07-22 01:43:12,005 [websockets.py:register_api_handler()] - Registering Websocket JSON-RPC methods: server.announcements.post_feed, server.announcements.delete_feed
2023-07-22 01:43:12,005 [app.py:register_local_handler()] - Registering HTTP Endpoint: (GET) /server/announcements/feeds
2023-07-22 01:43:12,006 [websockets.py:register_api_handler()] - Registering Websocket JSON-RPC methods: server.announcements.feeds
2023-07-22 01:43:12,006 [server.py:load_component()] - Component (announcements) loaded
2023-07-22 01:43:12,009 [app.py:register_local_handler()] - Registering HTTP Endpoint: (GET) /server/webcams/list
2023-07-22 01:43:12,009 [websockets.py:register_api_handler()] - Registering Websocket JSON-RPC methods: server.webcams.list
2023-07-22 01:43:12,009 [app.py:register_local_handler()] - Registering HTTP Endpoint: (GET POST DELETE) /server/webcams/item
2023-07-22 01:43:12,010 [websockets.py:register_api_handler()] - Registering Websocket JSON-RPC methods: server.webcams.get_item, server.webcams.post_item, server.webcams.delete_item
2023-07-22 01:43:12,010 [app.py:register_local_handler()] - Registering HTTP Endpoint: (POST) /server/webcams/test
2023-07-22 01:43:12,010 [websockets.py:register_api_handler()] - Registering Websocket JSON-RPC methods: server.webcams.test
2023-07-22 01:43:12,010 [server.py:load_component()] - Component (webcam) loaded
2023-07-22 01:43:12,012 [websockets.py:register_api_handler()] - Registering Websocket JSON-RPC methods: connection.send_event
2023-07-22 01:43:12,012 [app.py:register_local_handler()] - Registering HTTP Endpoint: (GET) /server/extensions/list
2023-07-22 01:43:12,013 [websockets.py:register_api_handler()] - Registering Websocket JSON-RPC methods: server.extensions.list
2023-07-22 01:43:12,013 [app.py:register_local_handler()] - Registering HTTP Endpoint: (POST) /server/extensions/request
2023-07-22 01:43:12,013 [websockets.py:register_api_handler()] - Registering Websocket JSON-RPC methods: server.extensions.request
2023-07-22 01:43:12,013 [server.py:load_component()] - Component (extensions) loaded
2023-07-22 01:43:12,015 [app.py:register_local_handler()] - Registering HTTP Endpoint: (GET) /api/version
2023-07-22 01:43:12,016 [app.py:register_local_handler()] - Registering HTTP Endpoint: (GET) /api/server
2023-07-22 01:43:12,016 [app.py:register_local_handler()] - Registering HTTP Endpoint: (POST) /api/login
2023-07-22 01:43:12,016 [app.py:register_local_handler()] - Registering HTTP Endpoint: (GET) /api/currentuser
2023-07-22 01:43:12,016 [app.py:register_local_handler()] - Registering HTTP Endpoint: (GET) /api/settings
2023-07-22 01:43:12,017 [app.py:register_local_handler()] - Registering HTTP Endpoint: (GET) /api/job
2023-07-22 01:43:12,017 [app.py:register_local_handler()] - Registering HTTP Endpoint: (GET) /api/printer
2023-07-22 01:43:12,017 [app.py:register_local_handler()] - Registering HTTP Endpoint: (POST) /api/printer/command
2023-07-22 01:43:12,018 [app.py:register_local_handler()] - Registering HTTP Endpoint: (GET) /api/printerprofiles
2023-07-22 01:43:12,018 [app.py:register_local_handler()] - Registering HTTP Endpoint: (POST) /api/files/moonraker/(?P<relative_path>.+)
2023-07-22 01:43:12,019 [server.py:load_component()] - Component (octoprint_compat) loaded
2023-07-22 01:43:12,039 [authorization.py:__init__()] - Authorization Configuration Loaded
Trusted Clients:
10.0.0.0/8
127.0.0.0/8
169.254.0.0/16
172.16.0.0/12
192.168.0.0/16
fe80::/10
::1/128
CORS Domains:
.*\.lan
.*\.local
.*://localhost
.*://localhost:.*
.*://my\.mainsail\.xyz
.*://app\.fluidd\.xyz
2023-07-22 01:43:12,040 [app.py:register_local_handler()] - Registering HTTP Endpoint: (POST) /access/login
2023-07-22 01:43:12,040 [websockets.py:register_api_handler()] - Registering Websocket JSON-RPC methods: access.login
2023-07-22 01:43:12,040 [app.py:register_local_handler()] - Registering HTTP Endpoint: (POST) /access/logout
2023-07-22 01:43:12,040 [websockets.py:register_api_handler()] - Registering Websocket JSON-RPC methods: access.logout
2023-07-22 01:43:12,040 [app.py:register_local_handler()] - Registering HTTP Endpoint: (POST) /access/refresh_jwt
2023-07-22 01:43:12,041 [websockets.py:register_api_handler()] - Registering Websocket JSON-RPC methods: access.refresh_jwt
2023-07-22 01:43:12,041 [app.py:register_local_handler()] - Registering HTTP Endpoint: (GET POST DELETE) /access/user
2023-07-22 01:43:12,041 [websockets.py:register_api_handler()] - Registering Websocket JSON-RPC methods: access.get_user, access.post_user, access.delete_user
2023-07-22 01:43:12,041 [app.py:register_local_handler()] - Registering HTTP Endpoint: (GET) /access/users/list
2023-07-22 01:43:12,042 [websockets.py:register_api_handler()] - Registering Websocket JSON-RPC methods: access.users.list
2023-07-22 01:43:12,042 [app.py:register_local_handler()] - Registering HTTP Endpoint: (POST) /access/user/password
2023-07-22 01:43:12,042 [websockets.py:register_api_handler()] - Registering Websocket JSON-RPC methods: access.user.password
2023-07-22 01:43:12,042 [app.py:register_local_handler()] - Registering HTTP Endpoint: (GET POST) /access/api_key
2023-07-22 01:43:12,042 [websockets.py:register_api_handler()] - Registering Websocket JSON-RPC methods: access.get_api_key, access.post_api_key
2023-07-22 01:43:12,043 [app.py:register_local_handler()] - Registering HTTP Endpoint: (GET) /access/oneshot_token
2023-07-22 01:43:12,043 [websockets.py:register_api_handler()] - Registering Websocket JSON-RPC methods: access.oneshot_token
2023-07-22 01:43:12,043 [app.py:register_local_handler()] - Registering HTTP Endpoint: (GET) /access/info
2023-07-22 01:43:12,043 [websockets.py:register_api_handler()] - Registering Websocket JSON-RPC methods: access.info
2023-07-22 01:43:12,044 [server.py:load_component()] - Component (authorization) loaded
2023-07-22 01:43:12,046 [app.py:register_local_handler()] - Registering HTTP Endpoint: (GET DELETE) /server/history/job
2023-07-22 01:43:12,047 [websockets.py:register_api_handler()] - Registering Websocket JSON-RPC methods: server.history.get_job, server.history.delete_job
2023-07-22 01:43:12,047 [app.py:register_local_handler()] - Registering HTTP Endpoint: (GET) /server/history/list
2023-07-22 01:43:12,047 [websockets.py:register_api_handler()] - Registering Websocket JSON-RPC methods: server.history.list
2023-07-22 01:43:12,047 [app.py:register_local_handler()] - Registering HTTP Endpoint: (GET) /server/history/totals
2023-07-22 01:43:12,047 [websockets.py:register_api_handler()] - Registering Websocket JSON-RPC methods: server.history.totals
2023-07-22 01:43:12,048 [app.py:register_local_handler()] - Registering HTTP Endpoint: (POST) /server/history/reset_totals
2023-07-22 01:43:12,048 [websockets.py:register_api_handler()] - Registering Websocket JSON-RPC methods: server.history.reset_totals
2023-07-22 01:43:12,050 [server.py:load_component()] - Component (history) loaded
2023-07-22 01:43:12,209 [base_deploy.py:log_info()] - Git Repo moonraker: Detected virtualenv: /home/cereal/moonraker-env
2023-07-22 01:43:12,213 [base_deploy.py:log_info()] - Git Repo klipper: Detected virtualenv: /home/cereal/klippy-env
2023-07-22 01:43:12,221 [app.py:register_local_handler()] - Registering HTTP Endpoint: (POST) /machine/update/moonraker
2023-07-22 01:43:12,222 [websockets.py:register_api_handler()] - Registering Websocket JSON-RPC methods: machine.update.moonraker
2023-07-22 01:43:12,222 [app.py:register_local_handler()] - Registering HTTP Endpoint: (POST) /machine/update/klipper
2023-07-22 01:43:12,222 [websockets.py:register_api_handler()] - Registering Websocket JSON-RPC methods: machine.update.klipper
2023-07-22 01:43:12,222 [app.py:register_local_handler()] - Registering HTTP Endpoint: (POST) /machine/update/system
2023-07-22 01:43:12,222 [websockets.py:register_api_handler()] - Registering Websocket JSON-RPC methods: machine.update.system
2023-07-22 01:43:12,223 [app.py:register_local_handler()] - Registering HTTP Endpoint: (POST) /machine/update/client
2023-07-22 01:43:12,223 [websockets.py:register_api_handler()] - Registering Websocket JSON-RPC methods: machine.update.client
2023-07-22 01:43:12,223 [app.py:register_local_handler()] - Registering HTTP Endpoint: (POST) /machine/update/full
2023-07-22 01:43:12,223 [websockets.py:register_api_handler()] - Registering Websocket JSON-RPC methods: machine.update.full
2023-07-22 01:43:12,223 [app.py:register_local_handler()] - Registering HTTP Endpoint: (GET) /machine/update/status
2023-07-22 01:43:12,224 [websockets.py:register_api_handler()] - Registering Websocket JSON-RPC methods: machine.update.status
2023-07-22 01:43:12,224 [app.py:register_local_handler()] - Registering HTTP Endpoint: (POST) /machine/update/refresh
2023-07-22 01:43:12,224 [websockets.py:register_api_handler()] - Registering Websocket JSON-RPC methods: machine.update.refresh
2023-07-22 01:43:12,224 [app.py:register_local_handler()] - Registering HTTP Endpoint: (POST) /machine/update/recover
2023-07-22 01:43:12,225 [websockets.py:register_api_handler()] - Registering Websocket JSON-RPC methods: machine.update.recover
2023-07-22 01:43:12,225 [app.py:register_local_handler()] - Registering HTTP Endpoint: (POST) /machine/update/rollback
2023-07-22 01:43:12,225 [websockets.py:register_api_handler()] - Registering Websocket JSON-RPC methods: machine.update.rollback
2023-07-22 01:43:12,226 [server.py:load_component()] - Component (update_manager) loaded
2023-07-22 01:43:12,234 [server.py:_initialize_component()] - Performing Component Post Init: [dbus_manager]
2023-07-22 01:43:12,249 [server.py:_initialize_component()] - Performing Component Post Init: [file_manager]
2023-07-22 01:43:12,390 [server.py:_initialize_component()] - Performing Component Post Init: [machine]
2023-07-22 01:43:12,391 [machine.py:validation_init()] - Installation version in database up to date
2023-07-22 01:43:12,578 [machine.py:check_virt_status()] - No Virtualization Detected
2023-07-22 01:43:12,591 [machine.py:_find_public_ip()] - Detected Local IP: 192.168.1.13
2023-07-22 01:43:12,594 [webcam.py:_set_default_host_ip()] - Default public webcam address set: http://192.168.1.13
2023-07-22 01:43:12,695 [server.py:add_log_rollover_item()] - 
Systemd unit moonraker.service:
unit_name: moonraker.service
is_default: True
manager: systemd
Properties:
**Requires=['system.slice', 'sysinit.target', 'network-online.target', '-.mount']
**After=['-.mount', 'network-online.target', 'sysinit.target', 'basic.target', 'systemd-journald.socket', 'system.slice']
**SupplementaryGroups=['moonraker-admin']
**EnvironmentFiles=/home/cereal/printer_data/systemd/moonraker.env
**ExecStart=/home/cereal/moonraker-env/bin/python $MOONRAKER_ARGS
**WorkingDirectory=/home/cereal/moonraker
**FragmentPath=/etc/systemd/system/moonraker.service
**Description=API Server for Klipper SV1
**User=cereal
2023-07-22 01:43:12,695 [server.py:_initialize_component()] - Performing Component Post Init: [proc_stats]
2023-07-22 01:43:12,696 [server.py:_initialize_component()] - Performing Component Post Init: [announcements]
2023-07-22 01:43:12,697 [server.py:_initialize_component()] - Performing Component Post Init: [webcam]
2023-07-22 01:43:12,697 [webcam.py:_set_default_host_ip()] - Default public webcam address set: http://192.168.1.13
2023-07-22 01:43:12,697 [server.py:_initialize_component()] - Performing Component Post Init: [klippy_connection]
2023-07-22 01:43:12,698 [server.py:add_log_rollover_item()] - 
Systemd unit klipper.service:
unit_name: klipper.service
is_default: True
manager: systemd
Properties:
**Requires=['system.slice', 'sysinit.target', '-.mount']
**After=['sysinit.target', 'system.slice', 'network-online.target', 'basic.target', '-.mount', 'systemd-journald.socket']
**SupplementaryGroups=[]
**EnvironmentFiles=/home/cereal/printer_data/systemd/klipper.env
**ExecStart=/home/cereal/klippy-env/bin/python $KLIPPER_ARGS
**WorkingDirectory=/home/cereal/klipper
**FragmentPath=/etc/systemd/system/klipper.service
**Description=Klipper 3D Printer Firmware SV1
**User=cereal
2023-07-22 01:43:12,698 [server.py:_initialize_component()] - Performing Component Post Init: [authorization]
2023-07-22 01:43:12,698 [server.py:_initialize_component()] - Performing Component Post Init: [update_manager]
2023-07-22 01:43:12,755 [base_deploy.py:log_info()] - PackageDeploy: PackageKit Provider Configured
2023-07-22 01:43:13,289 [git_deploy.py:log_repo_info()] - Git Repo moonraker Detected:
Owner: Arksine
Repository Name: moonraker
Path: /home/cereal/moonraker
Remote: origin
Branch: master
Remote URL: https://github.com/Arksine/moonraker.git
Recovery URL: https://github.com/Arksine/moonraker.git
Current Commit SHA: fdc3e0eb0b61818c20e2f22150c01404b8f3932d
Upstream Commit SHA: fdc3e0eb0b61818c20e2f22150c01404b8f3932d
Current Version: v0.8.0-115-gfdc3e0e
Upstream Version: v0.8.0-115
Rollback Commit: fdc3e0eb0b61818c20e2f22150c01404b8f3932d
Rollback Branch: master
Rollback Version: v0.8.0-115-gfdc3e0e
Is Dirty: False
Is Detached: False
Is Shallow: False
Commits Behind Count: 0
Diverged: False
2023-07-22 01:43:13,859 [git_deploy.py:log_repo_info()] - Git Repo klipper Detected:
Owner: Klipper3d
Repository Name: klipper
Path: /home/cereal/klipper
Remote: origin
Branch: master
Remote URL: https://github.com/Klipper3d/klipper
Recovery URL: https://github.com/Klipper3d/klipper
Current Commit SHA: d725dfd309e3db2a7b26b9b452cfde6cb9272f34
Upstream Commit SHA: d725dfd309e3db2a7b26b9b452cfde6cb9272f34
Current Version: v0.11.0-248-gd725dfd3
Upstream Version: v0.11.0-248
Rollback Commit: d725dfd309e3db2a7b26b9b452cfde6cb9272f34
Rollback Branch: master
Rollback Version: v0.11.0-248-gd725dfd3
Is Dirty: False
Is Detached: False
Is Shallow: False
Commits Behind Count: 0
Diverged: False
2023-07-22 01:43:14,394 [git_deploy.py:log_repo_info()] - Git Repo mainsail-config Detected:
Owner: mainsail-crew
Repository Name: mainsail-config
Path: /home/cereal/mainsail-config
Remote: origin
Branch: master
Remote URL: https://github.com/mainsail-crew/mainsail-config.git
Recovery URL: https://github.com/mainsail-crew/mainsail-config.git
Current Commit SHA: e954ed17009461dfef3818f993bcefb7e541822b
Upstream Commit SHA: e954ed17009461dfef3818f993bcefb7e541822b
Current Version: v1.0.0-14-ge954ed1
Upstream Version: v1.0.0-14
Rollback Commit: e954ed17009461dfef3818f993bcefb7e541822b
Rollback Branch: master
Rollback Version: v1.0.0-14-ge954ed1
Is Dirty: False
Is Detached: False
Is Shallow: False
Commits Behind Count: 0
Diverged: False
2023-07-22 01:43:14,400 [web_deploy.py:_log_client_info()] - Web Client mainsail Detected:
Repo: mainsail-crew/mainsail
Channel: stable
Path: /home/cereal/mainsail
Local Version: v2.6.0
Remote Version: v2.6.0
Valid: True
Fallback Client Detected: True
Pre-release: False
Download Url: https://github.com/mainsail-crew/mainsail/releases/download/v2.6.0/mainsail.zip
Download Size: 2098583
Content Type: application/zip
Rollback Version: v2.6.0
Rollback Repo: mainsail-crew/mainsail
2023-07-22 01:43:14,928 [git_deploy.py:log_repo_info()] - Git Repo Klipper-Adaptive-Meshing-Purging Detected:
Owner: kyleisah
Repository Name: Klipper-Adaptive-Meshing-Purging
Path: /home/cereal/Klipper-Adaptive-Meshing-Purging
Remote: origin
Branch: main
Remote URL: https://github.com/kyleisah/Klipper-Adaptive-Meshing-Purging.git
Recovery URL: https://github.com/kyleisah/Klipper-Adaptive-Meshing-Purging.git
Current Commit SHA: 23bee5be0be1c88536cd91a6f203585918566e33
Upstream Commit SHA: 23bee5be0be1c88536cd91a6f203585918566e33
Current Version: v1.1.1-1-g23bee5b
Upstream Version: v1.1.1-1
Rollback Commit: 23bee5be0be1c88536cd91a6f203585918566e33
Rollback Branch: main
Rollback Version: v1.1.1-1-g23bee5b
Is Dirty: False
Is Detached: False
Is Shallow: False
Commits Behind Count: 0
Diverged: False
2023-07-22 01:43:15,459 [git_deploy.py:log_repo_info()] - Git Repo led_effect Detected:
Owner: julianschill
Repository Name: klipper-led_effect
Path: /home/cereal/klipper-led_effect
Remote: origin
Branch: master
Remote URL: https://github.com/julianschill/klipper-led_effect.git
Recovery URL: https://github.com/julianschill/klipper-led_effect.git
Current Commit SHA: 35cf587fe958fe15a07c11b60564856582890460
Upstream Commit SHA: 35cf587fe958fe15a07c11b60564856582890460
Current Version: v0.0.10-0-g35cf587
Upstream Version: v0.0.10-0
Rollback Commit: 35cf587fe958fe15a07c11b60564856582890460
Rollback Branch: master
Rollback Version: v0.0.10-0-g35cf587
Is Dirty: False
Is Detached: False
Is Shallow: False
Commits Behind Count: 0
Diverged: False
2023-07-22 01:43:16,003 [git_deploy.py:log_repo_info()] - Git Repo crowsnest Detected:
Owner: mainsail-crew
Repository Name: crowsnest
Path: /home/cereal/crowsnest
Remote: origin
Branch: master
Remote URL: https://github.com/mainsail-crew/crowsnest.git
Recovery URL: https://github.com/mainsail-crew/crowsnest.git
Current Commit SHA: 8b54eae98dcb5de73f5aab121805ef018cda5052
Upstream Commit SHA: 8b54eae98dcb5de73f5aab121805ef018cda5052
Current Version: v4.0.2-2-g8b54eae
Upstream Version: v4.0.2-2
Rollback Commit: 8b54eae98dcb5de73f5aab121805ef018cda5052
Rollback Branch: master
Rollback Version: v4.0.2-2-g8b54eae
Is Dirty: False
Is Detached: False
Is Shallow: False
Commits Behind Count: 0
Diverged: False
2023-07-22 01:43:16,557 [git_deploy.py:log_repo_info()] - Git Repo klipper_tmc_autotune Detected:
Owner: andrewmcgr
Repository Name: klipper_tmc_autotune
Path: /home/cereal/klipper_tmc_autotune
Remote: origin
Branch: main
Remote URL: https://github.com/andrewmcgr/klipper_tmc_autotune.git
Recovery URL: https://github.com/andrewmcgr/klipper_tmc_autotune.git
Current Commit SHA: 31de1f7ead27313b1861bd9816ab2da09d167f90
Upstream Commit SHA: 31de1f7ead27313b1861bd9816ab2da09d167f90
Current Version: v0.2.0-77-g31de1f7
Upstream Version: v0.2.0-77
Rollback Commit: 31de1f7ead27313b1861bd9816ab2da09d167f90
Rollback Branch: main
Rollback Version: v0.2.0-77-g31de1f7
Is Dirty: False
Is Detached: False
Is Shallow: False
Commits Behind Count: 0
Diverged: False
2023-07-22 01:43:16,558 [base_deploy.py:log_info()] - PackageKit: Next refresh in: 6 Days, 23 Hours, 59 Minutes, 53 Seconds
2023-07-22 01:43:16,559 [base_deploy.py:log_info()] - Git Repo moonraker: Next refresh in: 6 Days, 23 Hours, 59 Minutes, 54 Seconds
2023-07-22 01:43:16,559 [base_deploy.py:log_info()] - Git Repo klipper: Next refresh in: 6 Days, 23 Hours, 58 Minutes, 58 Seconds
2023-07-22 01:43:16,559 [base_deploy.py:log_info()] - Git Repo mainsail-config: Next refresh in: 6 Days, 23 Hours, 58 Minutes, 59 Seconds
2023-07-22 01:43:16,559 [base_deploy.py:log_info()] - Web Client mainsail: Next refresh in: 6 Days, 23 Hours, 58 Minutes, 59 Seconds
2023-07-22 01:43:16,559 [base_deploy.py:log_info()] - Git Repo Klipper-Adaptive-Meshing-Purging: Next refresh in: 6 Days, 23 Hours, 58 Minutes, 59 Seconds
2023-07-22 01:43:16,559 [base_deploy.py:log_info()] - Git Repo led_effect: Next refresh in: 6 Days, 23 Hours, 59 Minutes
2023-07-22 01:43:16,560 [base_deploy.py:log_info()] - Git Repo crowsnest: Next refresh in: 6 Days, 23 Hours, 59 Minutes, 1 Second
2023-07-22 01:43:16,560 [base_deploy.py:log_info()] - Git Repo klipper_tmc_autotune: Next refresh in: 6 Days, 23 Hours, 59 Minutes, 1 Second
2023-07-22 01:43:16,564 [extensions.py:start_unix_server()] - Creating Unix Domain Socket at '/home/cereal/printer_data/comms/moonraker.sock'
2023-07-22 01:43:16,569 [server.py:start_server()] - Starting Moonraker on (0.0.0.0, 7125), Hostname: voron2
2023-07-22 01:43:16,572 [app.py:listen()] - SSL Certificate/Key not configured, aborting HTTPS Server startup
2023-07-22 01:43:16,826 [klippy_connection.py:_do_connect()] - Klippy Connection Established
2023-07-22 01:43:16,968 [authorization.py:_check_trusted_connection()] - Trusted Connection Detected, IP: 192.168.1.14
2023-07-22 01:43:16,970 [app.py:log_request()] - 101 GET /websocket (192.168.1.14) [_TRUSTED_USER_] 3.41ms
2023-07-22 01:43:16,971 [websockets.py:open()] - Websocket Opened: ID: 548083517520, Proxied: True, User Agent: Mozilla/5.0 (X11; Linux x86_64; rv:109.0) Gecko/20100101 Firefox/115.0, Host Name: 192.168.1.13
2023-07-22 01:43:16,976 [websockets.py:_handle_identify()] - Websocket 548083517520 Client Identified - Name: mainsail, Version: 2.6.0, Type: web
2023-07-22 01:43:17,189 [server.py:add_log_rollover_item()] - Klipper Version: v0.11.0-248-gd725dfd3-dirty
2023-07-22 01:43:17,197 [app.py:register_remote_handler()] - Registering HTTP endpoint: (GET POST) /printer/info
2023-07-22 01:43:17,197 [websockets.py:register_api_handler()] - Registering Websocket JSON-RPC methods: printer.info
2023-07-22 01:43:17,197 [app.py:register_remote_handler()] - Registering HTTP endpoint: (GET POST) /printer/emergency_stop
2023-07-22 01:43:17,198 [websockets.py:register_api_handler()] - Registering Websocket JSON-RPC methods: printer.emergency_stop
2023-07-22 01:43:17,198 [app.py:register_remote_handler()] - Registering HTTP endpoint: (GET POST) /printer/gcode/help
2023-07-22 01:43:17,198 [websockets.py:register_api_handler()] - Registering Websocket JSON-RPC methods: printer.gcode.help
2023-07-22 01:43:17,198 [app.py:register_remote_handler()] - Registering HTTP endpoint: (GET POST) /printer/gcode/script
2023-07-22 01:43:17,198 [websockets.py:register_api_handler()] - Registering Websocket JSON-RPC methods: printer.gcode.script
2023-07-22 01:43:17,199 [app.py:register_remote_handler()] - Registering HTTP endpoint: (GET POST) /printer/gcode/restart
2023-07-22 01:43:17,199 [websockets.py:register_api_handler()] - Registering Websocket JSON-RPC methods: printer.gcode.restart
2023-07-22 01:43:17,199 [app.py:register_remote_handler()] - Registering HTTP endpoint: (GET POST) /printer/gcode/firmware_restart
2023-07-22 01:43:17,199 [websockets.py:register_api_handler()] - Registering Websocket JSON-RPC methods: printer.gcode.firmware_restart
2023-07-22 01:43:17,199 [app.py:register_remote_handler()] - Registering HTTP endpoint: (GET POST) /printer/objects/list
2023-07-22 01:43:17,200 [websockets.py:register_api_handler()] - Registering Websocket JSON-RPC methods: printer.objects.list
2023-07-22 01:43:17,200 [app.py:register_remote_handler()] - Registering HTTP endpoint: (GET POST) /printer/objects/query
2023-07-22 01:43:17,200 [websockets.py:register_api_handler()] - Registering Websocket JSON-RPC methods: printer.objects.query
2023-07-22 01:43:17,200 [app.py:register_remote_handler()] - Registering HTTP endpoint: (GET POST) /printer/objects/subscribe
2023-07-22 01:43:17,200 [websockets.py:register_api_handler()] - Registering Websocket JSON-RPC methods: printer.objects.subscribe
2023-07-22 01:43:17,200 [app.py:register_remote_handler()] - Registering HTTP endpoint: (GET POST) /printer/pause_resume/cancel
2023-07-22 01:43:17,201 [websockets.py:register_api_handler()] - Registering Websocket JSON-RPC methods: printer.pause_resume.cancel
2023-07-22 01:43:17,201 [app.py:register_remote_handler()] - Registering HTTP endpoint: (GET POST) /printer/pause_resume/pause
2023-07-22 01:43:17,202 [websockets.py:register_api_handler()] - Registering Websocket JSON-RPC methods: printer.pause_resume.pause
2023-07-22 01:43:17,202 [app.py:register_remote_handler()] - Registering HTTP endpoint: (GET POST) /printer/pause_resume/resume
2023-07-22 01:43:17,205 [websockets.py:register_api_handler()] - Registering Websocket JSON-RPC methods: printer.pause_resume.resume
2023-07-22 01:43:17,205 [app.py:register_remote_handler()] - Registering HTTP endpoint: (GET POST) /printer/adxl345/dump_adxl345
2023-07-22 01:43:17,206 [websockets.py:register_api_handler()] - Registering Websocket JSON-RPC methods: printer.adxl345.dump_adxl345
2023-07-22 01:43:17,206 [app.py:register_remote_handler()] - Registering HTTP endpoint: (GET POST) /printer/motion_report/dump_stepper
2023-07-22 01:43:17,206 [websockets.py:register_api_handler()] - Registering Websocket JSON-RPC methods: printer.motion_report.dump_stepper
2023-07-22 01:43:17,206 [app.py:register_remote_handler()] - Registering HTTP endpoint: (GET POST) /printer/query_endstops/status
2023-07-22 01:43:17,206 [websockets.py:register_api_handler()] - Registering Websocket JSON-RPC methods: printer.query_endstops.status
2023-07-22 01:43:17,207 [app.py:register_remote_handler()] - Registering HTTP endpoint: (GET POST) /printer/motion_report/dump_trapq
2023-07-22 01:43:17,207 [websockets.py:register_api_handler()] - Registering Websocket JSON-RPC methods: printer.motion_report.dump_trapq
2023-07-22 01:43:17,210 [klippy_connection.py:_request_initial_subscriptions()] - Webhooks Subscribed
2023-07-22 01:43:17,212 [klippy_connection.py:_request_initial_subscriptions()] - GCode Output Subscribed
2023-07-22 01:43:17,460 [job_state.py:_handle_started()] - Job state initialized: standby
2023-07-22 01:43:17,724 [klippy_connection.py:_check_ready()] - Klippy ready
2023-07-22 01:43:18,223 [data_store.py:_init_sensors()] - Configuring available sensors: ['temperature_sensor raspberry_pi', 'temperature_sensor mcu_temp', 'temperature_sensor mcu_EBBCan', 'heater_bed', 'temperature_sensor chamber', 'extruder']
2023-07-22 01:43:31,820 [websockets.py:on_close()] - Websocket Closed: ID: 548083517520 Close Code: 1001, Close Reason: None, Pong Time Elapsed: 4.84
2023-07-22 01:43:32,404 [app.py:log_request()] - 101 GET /websocket (192.168.1.14) [_TRUSTED_USER_] 2.84ms
2023-07-22 01:43:32,405 [websockets.py:open()] - Websocket Opened: ID: 548083519056, Proxied: True, User Agent: Mozilla/5.0 (X11; Linux x86_64; rv:109.0) Gecko/20100101 Firefox/115.0, Host Name: 192.168.1.13
2023-07-22 01:43:32,411 [websockets.py:_handle_identify()] - Websocket 548083519056 Client Identified - Name: mainsail, Version: 2.6.0, Type: web
2023-07-22 02:48:12,713 [authorization.py:_prune_conn_handler()] - Trusted Connection Expired, IP: 192.168.1.14
